Sat Mar 06 10:45:02 2021				Page     1


 
Update Symbols/Modules Logfile
	Sat Mar 06 10:45:02 2021

------ Module Refresh Messages ------

SUMMARY:    Updated 0 out of 0 modules

------ End Module Messages     ------



(---------------------------------------------------------------------)
(                                                                     )
(    Refresh Symbol                                                   )
(                                                                     )
(    Drawing          : Beamforming_PCB_Ver1_0_1.brd                  )
(    Software Version : 16.6-2015S066                                 )
(    Date/Time        : Sat Mar 06 10:45:03 2021                      )
(                                                                     )
(---------------------------------------------------------------------)


Sat Mar 06 10:45:03 2021				Page     1


------ Symbol Refresh Directives ------

Input design  = 'D:/xiado/Project/someProject/beamforming/Beamforming_HW_TMS320VC5509A/SchematicPCB/PCB/Beamforming_PCB_Ver1_0_1.b~
rd'
Output design = ''

Update mechanical symbols              = 'NO'
Update format symbols                  = 'NO'
Update package symbols                 = 'NO'
Update shape/flash symbols             = 'NO'
Update symbol padstacks                = 'NO'
Preserve padstacks replaced on pins    = 'NO'
Reset symbol text and size locations   = 'NO'
Reset Pin Escapes (fanouts)            = 'NO'
Ripup Etch                             = 'NO'
Reset custom drill data                = 'NO'
Symbol list file                       = 'C:/Users/xiado/AppData/Local/Temp/#Taaaaab11368.tmp'


------ Library Paths ------
PSMPATH =  . 
           symbols 
           .. 
           ../symbols 
           C:/Cadence/Cadence/Cadence_SPB_16.6-2015/share/local/pcb/symbols 
           C:/Cadence/Cadence/Cadence_SPB_16.6-2015/share/pcb/pcb_lib/symbols 
           C:/Cadence/Cadence/Cadence_SPB_16.6-2015/share/pcb/allegrolib/symbols 
           ../../pcbPackages/packages/ 

PADPATH =  . 
           symbols 
           .. 
           ../symbols 
           C:/Cadence/Cadence/Cadence_SPB_16.6-2015/share/local/pcb/padstacks 
           C:/Cadence/Cadence/Cadence_SPB_16.6-2015/share/pcb/pcb_lib/symbols 
           C:/Cadence/Cadence/Cadence_SPB_16.6-2015/share/pcb/allegrolib/symbols 
           ../../pcbPackages/pads/ 
           ../../pcbPackages/vias/ 


------ Symbol Refresh Messages ------

'SD-106M'  symbol refreshed successfully.


----- Symbol Update Summary ----

Updated symbols: 1 out 1
    Design updated.

