Design Assistant report for basicfunctions
Sun Sep 26 10:33:48 2021
Quartus Prime Version 19.1.0 Build 670 09/22/2019 SJ Lite Edition


---------------------
; Table of Contents ;
---------------------
  1. Legal Notice
  2. Design Assistant Summary
  3. Design Assistant Settings
  4. Critical Violations
  5. High Violations
  6. Medium Violations
  7. Information only Violations
  8. Design Assistant Messages



----------------
; Legal Notice ;
----------------
Copyright (C) 2019  Intel Corporation. All rights reserved.
Your use of Intel Corporation's design tools, logic functions 
and other software and tools, and any partner logic 
functions, and any output files from any of the foregoing 
(including device programming or simulation files), and any 
associated documentation or information are expressly subject 
to the terms and conditions of the Intel Program License 
Subscription Agreement, the Intel Quartus Prime License Agreement,
the Intel FPGA IP License Agreement, or other applicable license
agreement, including, without limitation, that your use is for
the sole purpose of programming logic devices manufactured by
Intel and sold by Intel or its authorized distributors.  Please
refer to the applicable agreement for further details, at
https://fpgasoftware.intel.com/eula.



+-------------------------------------------------------------------------+
; Design Assistant Summary                                                ;
+-----------------------------------+-------------------------------------+
; Design Assistant Status           ; Analyzed - Sun Sep 26 10:33:48 2021 ;
; Revision Name                     ; basicfunctions                      ;
; Top-level Entity Name             ; basicfunctions                      ;
; Family                            ; MAX V                               ;
; Total Critical Violations         ; 1                                   ;
; - Rule A101                       ; 1                                   ;
; Total High Violations             ; 11                                  ;
; - Rule A108                       ; 11                                  ;
; Total Medium Violations           ; 5                                   ;
; - Rule A104                       ; 1                                   ;
; - Rule C104                       ; 4                                   ;
; Total Information only Violations ; 51                                  ;
; - Rule T101                       ; 1                                   ;
; - Rule T102                       ; 50                                  ;
+-----------------------------------+-------------------------------------+


+------------------------------------------------------------------------------------------------------------------------------------------------------------------------------------------+
; Design Assistant Settings                                                                                                                                                                ;
+----------------------------------------------------------------------------------------------------------------------------------------------------------------------+--------------+----+
; Option                                                                                                                                                               ; Setting      ; To ;
+----------------------------------------------------------------------------------------------------------------------------------------------------------------------+--------------+----+
; Design Assistant mode                                                                                                                                                ; Post-Fitting ;    ;
; Threshold value for clock net not mapped to clock spines rule                                                                                                        ; 25           ;    ;
; Minimum number of clock port feed by gated clocks                                                                                                                    ; 30           ;    ;
; Minimum number of node fan-out                                                                                                                                       ; 30           ;    ;
; Maximum number of nodes to report                                                                                                                                    ; 50           ;    ;
; Rule C101: Gated clock should be implemented according to the Intel FPGA standard scheme                                                                             ; On           ;    ;
; Rule C102: Logic cell should not be used to generate an inverted clock signal                                                                                        ; On           ;    ;
; Rule C103: Gated clock does not feed at least a pre-defined number of clock ports to effectively save power                                                          ; On           ;    ;
; Rule C104: Clock signal source should drive only clock input ports                                                                                                   ; On           ;    ;
; Rule C105: Clock signal should be a global signal                                                                                                                    ; On           ;    ;
; Rule C106: Clock signal source should not drive registers triggered by different clock edges                                                                         ; On           ;    ;
; Rule R101: Combinational logic used as a reset signal should be synchronized                                                                                         ; On           ;    ;
; Rule R102: External reset signals should be synchronized using two cascaded registers                                                                                ; On           ;    ;
; Rule R103: External reset signal should be correctly synchronized                                                                                                    ; On           ;    ;
; Rule R104: The reset signal that is generated in one clock domain and used in another clock domain should be correctly synchronized                                  ; On           ;    ;
; Rule R105: The reset signal that is generated in one clock domain and used in another clock domain should be synchronized                                            ; On           ;    ;
; Rule T101: Nodes with more than the specified number of fan-outs                                                                                                     ; On           ;    ;
; Rule T102: Top nodes with the highest number of fan-outs                                                                                                             ; On           ;    ;
; Rule A101: Design should not contain combinational loops                                                                                                             ; On           ;    ;
; Rule A102: Register output should not drive its own control signal directly or through combinational logic                                                           ; On           ;    ;
; Rule A103: Design should not contain delay chains                                                                                                                    ; On           ;    ;
; Rule A104: Design should not contain ripple clock structures                                                                                                         ; On           ;    ;
; Rule A105: Pulses should not be implemented asynchronously                                                                                                           ; On           ;    ;
; Rule A106: Multiple pulses should not be generated in design                                                                                                         ; On           ;    ;
; Rule A107: Design should not contain SR latches                                                                                                                      ; On           ;    ;
; Rule A108: Design should not contain latches                                                                                                                         ; On           ;    ;
; Rule S101: Output enable and input of the same tri-state node should not be driven by same signal source                                                             ; On           ;    ;
; Rule S102: Synchronous port and asynchronous port of the same register should not be driven by the same signal source                                                ; On           ;    ;
; Rule S103: More than one asynchronous port of a register should not be driven by the same signal source                                                              ; On           ;    ;
; Rule S104: Clock port and any other port of a register should not be driven by the same signal source                                                                ; On           ;    ;
; Rule D101: Data bits are not synchronized when transferred between asynchronous clock domains                                                                        ; On           ;    ;
; Rule D102: Multiple data bits that are transferred across asynchronous clock domains are synchronized, but not all bits may be aligned in the receiving clock domain ; On           ;    ;
; Rule D103: Data bits are not correctly synchronized when transferred between asynchronous clock domains                                                              ; On           ;    ;
+----------------------------------------------------------------------------------------------------------------------------------------------------------------------+--------------+----+


+------------------------------------------------------------------------------------------------------------+
; Critical Violations                                                                                        ;
+---------------------------------------------------------------------------------+--------------------------+
; Rule name                                                                       ; Name                     ;
+---------------------------------------------------------------------------------+--------------------------+
; Rule A101: Design should not contain combinational loops - Combinational loop 1 ;                          ;
;  Combinational loop 1                                                           ; ad7864Drv:inst13|adcen~2 ;
;  Combinational loop 1                                                           ; ad7864Drv:inst13|adcen~3 ;
+---------------------------------------------------------------------------------+--------------------------+


+-------------------------------------------------------------------------------------------------------------+
; High Violations                                                                                             ;
+---------------------------------------------------------+---------------------------------------------------+
; Rule name                                               ; Name                                              ;
+---------------------------------------------------------+---------------------------------------------------+
; Rule A108: Design should not contain latches - Latch 1  ;                                                   ;
;  Latch 1                                                ; Parallel2Serial4OneAD7265New:inst17|reg_cs_bar[2] ;
; Rule A108: Design should not contain latches - Latch 2  ;                                                   ;
;  Latch 2                                                ; Parallel2Serial4OneAD7265New:inst17|reg_cs_bar[1] ;
; Rule A108: Design should not contain latches - Latch 3  ;                                                   ;
;  Latch 3                                                ; Parallel2Serial4OneAD7265New:inst17|reg_cs_bar[0] ;
; Rule A108: Design should not contain latches - Latch 4  ;                                                   ;
;  Latch 4                                                ; ad7864Drv:inst13|cnter[2]                         ;
; Rule A108: Design should not contain latches - Latch 5  ;                                                   ;
;  Latch 5                                                ; ad7864Drv:inst13|cnter[1]                         ;
; Rule A108: Design should not contain latches - Latch 6  ;                                                   ;
;  Latch 6                                                ; ad7864Drv:inst13|cnter[6]                         ;
; Rule A108: Design should not contain latches - Latch 7  ;                                                   ;
;  Latch 7                                                ; ad7864Drv:inst13|cnter[3]                         ;
; Rule A108: Design should not contain latches - Latch 8  ;                                                   ;
;  Latch 8                                                ; ad7864Drv:inst13|cnter[4]                         ;
; Rule A108: Design should not contain latches - Latch 9  ;                                                   ;
;  Latch 9                                                ; ad7864Drv:inst13|cnter[5]                         ;
; Rule A108: Design should not contain latches - Latch 10 ;                                                   ;
;  Latch 10                                               ; ad7864Drv:inst13|cnter[0]                         ;
; Rule A108: Design should not contain latches - Latch 11 ;                                                   ;
;  Latch 11                                               ; ad7864Drv:inst13|adcen                            ;
+---------------------------------------------------------+---------------------------------------------------+


+------------------------------------------------------------------------------------------------------------------------------------------------------------------------------------+
; Medium Violations                                                                                                                                                                  ;
+----------------------------------------------------------------------------+-------------------------------------------------------------------------------------------------------+
; Rule name                                                                  ; Name                                                                                                  ;
+----------------------------------------------------------------------------+-------------------------------------------------------------------------------------------------------+
; Rule A104: Design should not contain ripple clock structures - Structure 1 ;                                                                                                       ;
;  Structure 1                                                               ; cnter8Bits:inst|lpm_counter:LPM_COUNTER_component|cntr_p4h:auto_generated|safe_q[7]                   ;
;  Structure 1                                                               ; DelayDrv:inst18|pwron                                                                                 ;
;  Structure 1                                                               ; DelayDrv:inst18|rst                                                                                   ;
;  Structure 1                                                               ; cnter8Bits:inst3|lpm_counter:LPM_COUNTER_component|cntr_p4h:auto_generated|safe_q[1]                  ;
;  Structure 1                                                               ; cnter8Bits:inst3|lpm_counter:LPM_COUNTER_component|cntr_p4h:auto_generated|safe_q[6]                  ;
;  Structure 1                                                               ; cnter8Bits:inst1|lpm_counter:LPM_COUNTER_component|cntr_p4h:auto_generated|safe_q[7]                  ;
;  Structure 1                                                               ; cnter8Bits:inst3|lpm_counter:LPM_COUNTER_component|cntr_p4h:auto_generated|safe_q[0]                  ;
;  Structure 1                                                               ; cnter8Bits:inst3|lpm_counter:LPM_COUNTER_component|cntr_p4h:auto_generated|safe_q[5]                  ;
;  Structure 1                                                               ; cnter8Bits:inst3|lpm_counter:LPM_COUNTER_component|cntr_p4h:auto_generated|safe_q[3]                  ;
;  Structure 1                                                               ; cnter8Bits:inst3|lpm_counter:LPM_COUNTER_component|cntr_p4h:auto_generated|safe_q[4]                  ;
;  Structure 1                                                               ; cnter8Bits:inst3|lpm_counter:LPM_COUNTER_component|cntr_p4h:auto_generated|safe_q[2]                  ;
; Rule C104: Clock signal source should drive only clock input ports         ; cnter8Bits:inst3|lpm_counter:LPM_COUNTER_component|cntr_p4h:auto_generated|safe_q[1]                  ;
;  Clock ports destination node(s) list                                      ; DelayDrv:inst18|pwron                                                                                 ;
;  Non-clock ports destination node(s) list                                  ; cnter8Bits:inst3|lpm_counter:LPM_COUNTER_component|cntr_p4h:auto_generated|counter_cella1~COUT        ;
;  Non-clock ports destination node(s) list                                  ; cnter8Bits:inst3|lpm_counter:LPM_COUNTER_component|cntr_p4h:auto_generated|counter_cella1~COUTCOUT1_1 ;
; Rule C104: Clock signal source should drive only clock input ports         ; cnter8Bits:inst3|lpm_counter:LPM_COUNTER_component|cntr_p4h:auto_generated|safe_q[6]                  ;
;  Clock ports destination node(s) list                                      ; DelayDrv:inst18|rst                                                                                   ;
; Rule C104: Clock signal source should drive only clock input ports         ; cnter8Bits:inst1|lpm_counter:LPM_COUNTER_component|cntr_p4h:auto_generated|safe_q[7]                  ;
;  Clock ports destination node(s) list                                      ; cnter8Bits:inst3|lpm_counter:LPM_COUNTER_component|cntr_p4h:auto_generated|safe_q[1]                  ;
;  Clock ports destination node(s) list                                      ; cnter8Bits:inst3|lpm_counter:LPM_COUNTER_component|cntr_p4h:auto_generated|safe_q[6]                  ;
;  Clock ports destination node(s) list                                      ; cnter8Bits:inst3|lpm_counter:LPM_COUNTER_component|cntr_p4h:auto_generated|safe_q[0]                  ;
;  Clock ports destination node(s) list                                      ; cnter8Bits:inst3|lpm_counter:LPM_COUNTER_component|cntr_p4h:auto_generated|safe_q[5]                  ;
;  Clock ports destination node(s) list                                      ; cnter8Bits:inst3|lpm_counter:LPM_COUNTER_component|cntr_p4h:auto_generated|safe_q[3]                  ;
;  Clock ports destination node(s) list                                      ; cnter8Bits:inst3|lpm_counter:LPM_COUNTER_component|cntr_p4h:auto_generated|safe_q[4]                  ;
;  Clock ports destination node(s) list                                      ; cnter8Bits:inst3|lpm_counter:LPM_COUNTER_component|cntr_p4h:auto_generated|safe_q[2]                  ;
; Rule C104: Clock signal source should drive only clock input ports         ; cnter8Bits:inst|lpm_counter:LPM_COUNTER_component|cntr_p4h:auto_generated|safe_q[7]                   ;
;  Clock ports destination node(s) list                                      ; cnter8Bits:inst1|lpm_counter:LPM_COUNTER_component|cntr_p4h:auto_generated|safe_q[7]                  ;
;  Clock ports destination node(s) list                                      ; cnter8Bits:inst1|lpm_counter:LPM_COUNTER_component|cntr_p4h:auto_generated|safe_q[6]                  ;
;  Clock ports destination node(s) list                                      ; cnter8Bits:inst1|lpm_counter:LPM_COUNTER_component|cntr_p4h:auto_generated|safe_q[4]                  ;
;  Clock ports destination node(s) list                                      ; cnter8Bits:inst1|lpm_counter:LPM_COUNTER_component|cntr_p4h:auto_generated|safe_q[5]                  ;
;  Clock ports destination node(s) list                                      ; cnter8Bits:inst1|lpm_counter:LPM_COUNTER_component|cntr_p4h:auto_generated|safe_q[3]                  ;
;  Clock ports destination node(s) list                                      ; cnter8Bits:inst1|lpm_counter:LPM_COUNTER_component|cntr_p4h:auto_generated|safe_q[2]                  ;
;  Clock ports destination node(s) list                                      ; cnter8Bits:inst1|lpm_counter:LPM_COUNTER_component|cntr_p4h:auto_generated|safe_q[1]                  ;
;  Clock ports destination node(s) list                                      ; cnter8Bits:inst1|lpm_counter:LPM_COUNTER_component|cntr_p4h:auto_generated|safe_q[0]                  ;
+----------------------------------------------------------------------------+-------------------------------------------------------------------------------------------------------+


+-----------------------------------------------------------------------------------------------------------------------------------------------------------------------------------+
; Information only Violations                                                                                                                                                       ;
+------------------------------------------------------------------+------------------------------------------------------------------------------------------------------+---------+
; Rule name                                                        ; Name                                                                                                 ; Fan-Out ;
+------------------------------------------------------------------+------------------------------------------------------------------------------------------------------+---------+
; Rule T101: Nodes with more than the specified number of fan-outs ; CLOCKPIN                                                                                             ; 33      ;
; Rule T102: Top nodes with the highest number of fan-outs         ; CLOCKPIN                                                                                             ; 33      ;
; Rule T102: Top nodes with the highest number of fan-outs         ; Parallel2Serial4OneAD7265New:inst17|dbreg[11]~0                                                      ; 12      ;
; Rule T102: Top nodes with the highest number of fan-outs         ; cnter8Bits:inst|lpm_counter:LPM_COUNTER_component|cntr_p4h:auto_generated|safe_q[2]                  ; 10      ;
; Rule T102: Top nodes with the highest number of fan-outs         ; Parallel2Serial4OneAD7265New:inst17|rd_bar                                                           ; 9       ;
; Rule T102: Top nodes with the highest number of fan-outs         ; DSP_CONV_PIN                                                                                         ; 9       ;
; Rule T102: Top nodes with the highest number of fan-outs         ; cnter8Bits:inst|lpm_counter:LPM_COUNTER_component|cntr_p4h:auto_generated|safe_q[7]                  ; 9       ;
; Rule T102: Top nodes with the highest number of fan-outs         ; Parallel2Serial4OneAD7265New:inst17|enspi                                                            ; 8       ;
; Rule T102: Top nodes with the highest number of fan-outs         ; cnter8Bits:inst1|lpm_counter:LPM_COUNTER_component|cntr_p4h:auto_generated|safe_q[7]                 ; 8       ;
; Rule T102: Top nodes with the highest number of fan-outs         ; Parallel2Serial4OneAD7265New:inst17|cnter~5                                                          ; 7       ;
; Rule T102: Top nodes with the highest number of fan-outs         ; Parallel2Serial4OneAD7265New:inst17|cnter[2]                                                         ; 6       ;
; Rule T102: Top nodes with the highest number of fan-outs         ; Parallel2Serial4OneAD7265New:inst17|cnter[1]                                                         ; 6       ;
; Rule T102: Top nodes with the highest number of fan-outs         ; Parallel2Serial4OneAD7265New:inst17|sel~3                                                            ; 6       ;
; Rule T102: Top nodes with the highest number of fan-outs         ; Parallel2Serial4OneAD7265New:inst17|cnter[0]                                                         ; 6       ;
; Rule T102: Top nodes with the highest number of fan-outs         ; Parallel2Serial4OneAD7265New:inst17|sel~2                                                            ; 6       ;
; Rule T102: Top nodes with the highest number of fan-outs         ; Parallel2Serial4OneAD7265New:inst17|reg_cs_bar[1]                                                    ; 5       ;
; Rule T102: Top nodes with the highest number of fan-outs         ; Parallel2Serial4OneAD7265New:inst17|enspiPrev                                                        ; 5       ;
; Rule T102: Top nodes with the highest number of fan-outs         ; Parallel2Serial4OneAD7265New:inst17|reg_cs_bar[0]                                                    ; 5       ;
; Rule T102: Top nodes with the highest number of fan-outs         ; Parallel2Serial4OneAD7265New:inst17|sel~0                                                            ; 4       ;
; Rule T102: Top nodes with the highest number of fan-outs         ; Parallel2Serial4OneAD7265New:inst17|reg_cs_bar[2]                                                    ; 4       ;
; Rule T102: Top nodes with the highest number of fan-outs         ; Parallel2Serial4OneAD7265New:inst17|sel[2]                                                           ; 4       ;
; Rule T102: Top nodes with the highest number of fan-outs         ; Parallel2Serial4OneAD7265New:inst17|sel[3]                                                           ; 4       ;
; Rule T102: Top nodes with the highest number of fan-outs         ; Parallel2Serial4OneAD7265New:inst17|sclk                                                             ; 4       ;
; Rule T102: Top nodes with the highest number of fan-outs         ; ad7864Drv:inst13|cnter[1]                                                                            ; 3       ;
; Rule T102: Top nodes with the highest number of fan-outs         ; ad7864Drv:inst13|adcen                                                                               ; 3       ;
; Rule T102: Top nodes with the highest number of fan-outs         ; ad7864Drv:inst13|Add0~20                                                                             ; 3       ;
; Rule T102: Top nodes with the highest number of fan-outs         ; ad7864Drv:inst13|cnter[0]                                                                            ; 3       ;
; Rule T102: Top nodes with the highest number of fan-outs         ; Parallel2Serial4OneAD7265New:inst17|always6~0                                                        ; 3       ;
; Rule T102: Top nodes with the highest number of fan-outs         ; ad7864Drv:inst13|cnter[6]                                                                            ; 3       ;
; Rule T102: Top nodes with the highest number of fan-outs         ; ad7864Drv:inst13|cnter[2]                                                                            ; 3       ;
; Rule T102: Top nodes with the highest number of fan-outs         ; Parallel2Serial4OneAD7265New:inst17|sel~1                                                            ; 3       ;
; Rule T102: Top nodes with the highest number of fan-outs         ; cnter8Bits:inst1|lpm_counter:LPM_COUNTER_component|cntr_p4h:auto_generated|counter_cella4~COUT       ; 3       ;
; Rule T102: Top nodes with the highest number of fan-outs         ; ad7864Drv:inst13|cnter[5]                                                                            ; 3       ;
; Rule T102: Top nodes with the highest number of fan-outs         ; ad7864Drv:inst13|cnter[4]                                                                            ; 3       ;
; Rule T102: Top nodes with the highest number of fan-outs         ; ad7864Drv:inst13|cnter[3]                                                                            ; 3       ;
; Rule T102: Top nodes with the highest number of fan-outs         ; cnter8Bits:inst3|lpm_counter:LPM_COUNTER_component|cntr_p4h:auto_generated|counter_cella3~COUT       ; 3       ;
; Rule T102: Top nodes with the highest number of fan-outs         ; Parallel2Serial4OneAD7265New:inst17|sel~4                                                            ; 3       ;
; Rule T102: Top nodes with the highest number of fan-outs         ; cnter8Bits:inst|lpm_counter:LPM_COUNTER_component|cntr_p4h:auto_generated|counter_cella4~COUT        ; 3       ;
; Rule T102: Top nodes with the highest number of fan-outs         ; cnter8Bits:inst3|lpm_counter:LPM_COUNTER_component|cntr_p4h:auto_generated|safe_q[1]                 ; 2       ;
; Rule T102: Top nodes with the highest number of fan-outs         ; cnter8Bits:inst3|lpm_counter:LPM_COUNTER_component|cntr_p4h:auto_generated|safe_q[6]                 ; 2       ;
; Rule T102: Top nodes with the highest number of fan-outs         ; Parallel2Serial4OneAD7265New:inst17|sel[1]                                                           ; 2       ;
; Rule T102: Top nodes with the highest number of fan-outs         ; Parallel2Serial4OneAD7265New:inst17|mosi                                                             ; 2       ;
; Rule T102: Top nodes with the highest number of fan-outs         ; ad7864Drv:inst13|adcen~2                                                                             ; 2       ;
; Rule T102: Top nodes with the highest number of fan-outs         ; Parallel2Serial4OneAD7265New:inst17|spi_cs~0                                                         ; 2       ;
; Rule T102: Top nodes with the highest number of fan-outs         ; cnter8Bits:inst|lpm_counter:LPM_COUNTER_component|cntr_p4h:auto_generated|counter_cella5~COUTCOUT1_1 ; 1       ;
; Rule T102: Top nodes with the highest number of fan-outs         ; Parallel2Serial4OneAD7265New:inst17|dbreg[11]                                                        ; 1       ;
; Rule T102: Top nodes with the highest number of fan-outs         ; cnter8Bits:inst1|lpm_counter:LPM_COUNTER_component|cntr_p4h:auto_generated|safe_q[5]                 ; 1       ;
; Rule T102: Top nodes with the highest number of fan-outs         ; cnter8Bits:inst|lpm_counter:LPM_COUNTER_component|cntr_p4h:auto_generated|safe_q[5]                  ; 1       ;
; Rule T102: Top nodes with the highest number of fan-outs         ; DelayDrv:inst18|pwron                                                                                ; 1       ;
; Rule T102: Top nodes with the highest number of fan-outs         ; cnter8Bits:inst3|lpm_counter:LPM_COUNTER_component|cntr_p4h:auto_generated|safe_q[2]                 ; 1       ;
; Rule T102: Top nodes with the highest number of fan-outs         ; Parallel2Serial4OneAD7265New:inst17|Mux0~4                                                           ; 1       ;
+------------------------------------------------------------------+------------------------------------------------------------------------------------------------------+---------+


+---------------------------+
; Design Assistant Messages ;
+---------------------------+
Info: *******************************************************************
Info: Running Quartus Prime Design Assistant
    Info: Version 19.1.0 Build 670 09/22/2019 SJ Lite Edition
    Info: Processing started: Sun Sep 26 10:33:47 2021
Info: Command: quartus_drc basicfunctions -c basicfunctions
Warning (335093): The Timing Analyzer is analyzing 11 combinational loops as latches. For more details, run the Check Timing command in the Timing Analyzer or view the "User-Specified and Inferred Latches" table in the Analysis & Synthesis report.
Critical Warning (332012): Synopsys Design Constraints File file not found: 'basicfunctions.sdc'. A Synopsys Design Constraints File is required by the Timing Analyzer to get proper timing constraints. Without it, the Compiler will not properly optimize the design.
Info (332144): No user constrained base clocks found in the design
Warning (332125): Found combinational loop of 2 nodes File: D:/otherProjects/Beamforming/Beamforming_HW_TMS320VC5509A/FW/CPLD/basicfunctions/Parallel2Serial4OneAD7265New.v Line: 25
    Warning (332126): Node "inst17|spi_cs~0|combout"
    Warning (332126): Node "inst17|spi_cs~0|datad"
Warning (332125): Found combinational loop of 2 nodes File: D:/otherProjects/Beamforming/Beamforming_HW_TMS320VC5509A/FW/CPLD/basicfunctions/Parallel2Serial4OneAD7265New.v Line: 28
    Warning (332126): Node "inst17|cnter~5|combout"
    Warning (332126): Node "inst17|cnter~5|datad"
Critical Warning (308037): (Critical) Rule A101: Design should not contain combinational loops. Found 1 combinational loop(s) related to this rule.
    Critical Warning (308012): Node  "ad7864Drv:inst13|adcen~2" File: D:/otherProjects/Beamforming/Beamforming_HW_TMS320VC5509A/FW/CPLD/basicfunctions/ad7864Drv.v Line: 27
Critical Warning (308055): (High) Rule A108: Design should not contain latches. Found 11 latch(es) related to this rule.
    Critical Warning (308012): Node  "Parallel2Serial4OneAD7265New:inst17|reg_cs_bar[2]" File: D:/otherProjects/Beamforming/Beamforming_HW_TMS320VC5509A/FW/CPLD/basicfunctions/Parallel2Serial4OneAD7265New.v Line: 123
    Critical Warning (308012): Node  "Parallel2Serial4OneAD7265New:inst17|reg_cs_bar[1]" File: D:/otherProjects/Beamforming/Beamforming_HW_TMS320VC5509A/FW/CPLD/basicfunctions/Parallel2Serial4OneAD7265New.v Line: 123
    Critical Warning (308012): Node  "Parallel2Serial4OneAD7265New:inst17|reg_cs_bar[0]" File: D:/otherProjects/Beamforming/Beamforming_HW_TMS320VC5509A/FW/CPLD/basicfunctions/Parallel2Serial4OneAD7265New.v Line: 123
    Critical Warning (308012): Node  "ad7864Drv:inst13|cnter[2]" File: D:/otherProjects/Beamforming/Beamforming_HW_TMS320VC5509A/FW/CPLD/basicfunctions/ad7864Drv.v Line: 44
    Critical Warning (308012): Node  "ad7864Drv:inst13|cnter[1]" File: D:/otherProjects/Beamforming/Beamforming_HW_TMS320VC5509A/FW/CPLD/basicfunctions/ad7864Drv.v Line: 44
    Critical Warning (308012): Node  "ad7864Drv:inst13|cnter[6]" File: D:/otherProjects/Beamforming/Beamforming_HW_TMS320VC5509A/FW/CPLD/basicfunctions/ad7864Drv.v Line: 44
    Critical Warning (308012): Node  "ad7864Drv:inst13|cnter[3]" File: D:/otherProjects/Beamforming/Beamforming_HW_TMS320VC5509A/FW/CPLD/basicfunctions/ad7864Drv.v Line: 44
    Critical Warning (308012): Node  "ad7864Drv:inst13|cnter[4]" File: D:/otherProjects/Beamforming/Beamforming_HW_TMS320VC5509A/FW/CPLD/basicfunctions/ad7864Drv.v Line: 44
    Critical Warning (308012): Node  "ad7864Drv:inst13|cnter[5]" File: D:/otherProjects/Beamforming/Beamforming_HW_TMS320VC5509A/FW/CPLD/basicfunctions/ad7864Drv.v Line: 44
    Critical Warning (308012): Node  "ad7864Drv:inst13|cnter[0]" File: D:/otherProjects/Beamforming/Beamforming_HW_TMS320VC5509A/FW/CPLD/basicfunctions/ad7864Drv.v Line: 44
    Critical Warning (308012): Node  "ad7864Drv:inst13|adcen" File: D:/otherProjects/Beamforming/Beamforming_HW_TMS320VC5509A/FW/CPLD/basicfunctions/ad7864Drv.v Line: 27
Warning (308020): (Medium) Rule A104: Design should not contain ripple clock structures. Found 1 ripple clock structure(s) related to this rule.
    Warning (308010): Node  "cnter8Bits:inst|lpm_counter:LPM_COUNTER_component|cntr_p4h:auto_generated|safe_q[7]" File: D:/otherProjects/Beamforming/Beamforming_HW_TMS320VC5509A/FW/CPLD/basicfunctions/db/cntr_p4h.tdf Line: 99
Warning (308040): (Medium) Rule C104: Clock signal source should drive only clock input ports. Found 4 nodes related to this rule.
    Warning (308010): Node  "cnter8Bits:inst3|lpm_counter:LPM_COUNTER_component|cntr_p4h:auto_generated|safe_q[1]" File: D:/otherProjects/Beamforming/Beamforming_HW_TMS320VC5509A/FW/CPLD/basicfunctions/db/cntr_p4h.tdf Line: 99
    Warning (308010): Node  "cnter8Bits:inst3|lpm_counter:LPM_COUNTER_component|cntr_p4h:auto_generated|safe_q[6]" File: D:/otherProjects/Beamforming/Beamforming_HW_TMS320VC5509A/FW/CPLD/basicfunctions/db/cntr_p4h.tdf Line: 99
    Warning (308010): Node  "cnter8Bits:inst1|lpm_counter:LPM_COUNTER_component|cntr_p4h:auto_generated|safe_q[7]" File: D:/otherProjects/Beamforming/Beamforming_HW_TMS320VC5509A/FW/CPLD/basicfunctions/db/cntr_p4h.tdf Line: 99
    Warning (308010): Node  "cnter8Bits:inst|lpm_counter:LPM_COUNTER_component|cntr_p4h:auto_generated|safe_q[7]" File: D:/otherProjects/Beamforming/Beamforming_HW_TMS320VC5509A/FW/CPLD/basicfunctions/db/cntr_p4h.tdf Line: 99
Info (308046): (Information) Rule T101: Nodes with more than the specified number of fan-outs. (Value defined:30). Found 1 node(s) with highest fan-out.
    Info (308011): Node  "CLOCKPIN"
Info (308044): (Information) Rule T102: Top nodes with the highest number of fan-outs. (Value defined:50). Found 50 node(s) with highest fan-out.
    Info (308011): Node  "CLOCKPIN"
    Info (308011): Node  "Parallel2Serial4OneAD7265New:inst17|dbreg[11]~0" File: D:/otherProjects/Beamforming/Beamforming_HW_TMS320VC5509A/FW/CPLD/basicfunctions/Parallel2Serial4OneAD7265New.v Line: 92
    Info (308011): Node  "cnter8Bits:inst|lpm_counter:LPM_COUNTER_component|cntr_p4h:auto_generated|safe_q[2]" File: D:/otherProjects/Beamforming/Beamforming_HW_TMS320VC5509A/FW/CPLD/basicfunctions/db/cntr_p4h.tdf Line: 99
    Info (308011): Node  "Parallel2Serial4OneAD7265New:inst17|rd_bar" File: D:/otherProjects/Beamforming/Beamforming_HW_TMS320VC5509A/FW/CPLD/basicfunctions/Parallel2Serial4OneAD7265New.v Line: 22
    Info (308011): Node  "DSP_CONV_PIN"
    Info (308011): Node  "cnter8Bits:inst|lpm_counter:LPM_COUNTER_component|cntr_p4h:auto_generated|safe_q[7]" File: D:/otherProjects/Beamforming/Beamforming_HW_TMS320VC5509A/FW/CPLD/basicfunctions/db/cntr_p4h.tdf Line: 99
    Info (308011): Node  "Parallel2Serial4OneAD7265New:inst17|enspi" File: D:/otherProjects/Beamforming/Beamforming_HW_TMS320VC5509A/FW/CPLD/basicfunctions/Parallel2Serial4OneAD7265New.v Line: 33
    Info (308011): Node  "cnter8Bits:inst1|lpm_counter:LPM_COUNTER_component|cntr_p4h:auto_generated|safe_q[7]" File: D:/otherProjects/Beamforming/Beamforming_HW_TMS320VC5509A/FW/CPLD/basicfunctions/db/cntr_p4h.tdf Line: 99
    Info (308011): Node  "Parallel2Serial4OneAD7265New:inst17|cnter~5" File: D:/otherProjects/Beamforming/Beamforming_HW_TMS320VC5509A/FW/CPLD/basicfunctions/Parallel2Serial4OneAD7265New.v Line: 28
    Info (308011): Node  "Parallel2Serial4OneAD7265New:inst17|cnter[2]" File: D:/otherProjects/Beamforming/Beamforming_HW_TMS320VC5509A/FW/CPLD/basicfunctions/Parallel2Serial4OneAD7265New.v Line: 92
    Info (308011): Node  "Parallel2Serial4OneAD7265New:inst17|cnter[1]" File: D:/otherProjects/Beamforming/Beamforming_HW_TMS320VC5509A/FW/CPLD/basicfunctions/Parallel2Serial4OneAD7265New.v Line: 92
    Info (308011): Node  "Parallel2Serial4OneAD7265New:inst17|sel~3" File: D:/otherProjects/Beamforming/Beamforming_HW_TMS320VC5509A/FW/CPLD/basicfunctions/Parallel2Serial4OneAD7265New.v Line: 29
    Info (308011): Node  "Parallel2Serial4OneAD7265New:inst17|cnter[0]" File: D:/otherProjects/Beamforming/Beamforming_HW_TMS320VC5509A/FW/CPLD/basicfunctions/Parallel2Serial4OneAD7265New.v Line: 92
    Info (308011): Node  "Parallel2Serial4OneAD7265New:inst17|sel~2" File: D:/otherProjects/Beamforming/Beamforming_HW_TMS320VC5509A/FW/CPLD/basicfunctions/Parallel2Serial4OneAD7265New.v Line: 29
    Info (308011): Node  "Parallel2Serial4OneAD7265New:inst17|reg_cs_bar[1]" File: D:/otherProjects/Beamforming/Beamforming_HW_TMS320VC5509A/FW/CPLD/basicfunctions/Parallel2Serial4OneAD7265New.v Line: 123
    Info (308011): Node  "Parallel2Serial4OneAD7265New:inst17|enspiPrev" File: D:/otherProjects/Beamforming/Beamforming_HW_TMS320VC5509A/FW/CPLD/basicfunctions/Parallel2Serial4OneAD7265New.v Line: 35
    Info (308011): Node  "Parallel2Serial4OneAD7265New:inst17|reg_cs_bar[0]" File: D:/otherProjects/Beamforming/Beamforming_HW_TMS320VC5509A/FW/CPLD/basicfunctions/Parallel2Serial4OneAD7265New.v Line: 123
    Info (308011): Node  "Parallel2Serial4OneAD7265New:inst17|sel~0" File: D:/otherProjects/Beamforming/Beamforming_HW_TMS320VC5509A/FW/CPLD/basicfunctions/Parallel2Serial4OneAD7265New.v Line: 29
    Info (308011): Node  "Parallel2Serial4OneAD7265New:inst17|reg_cs_bar[2]" File: D:/otherProjects/Beamforming/Beamforming_HW_TMS320VC5509A/FW/CPLD/basicfunctions/Parallel2Serial4OneAD7265New.v Line: 123
    Info (308011): Node  "Parallel2Serial4OneAD7265New:inst17|sel[2]" File: D:/otherProjects/Beamforming/Beamforming_HW_TMS320VC5509A/FW/CPLD/basicfunctions/Parallel2Serial4OneAD7265New.v Line: 137
    Info (308011): Node  "Parallel2Serial4OneAD7265New:inst17|sel[3]" File: D:/otherProjects/Beamforming/Beamforming_HW_TMS320VC5509A/FW/CPLD/basicfunctions/Parallel2Serial4OneAD7265New.v Line: 137
    Info (308011): Node  "Parallel2Serial4OneAD7265New:inst17|sclk" File: D:/otherProjects/Beamforming/Beamforming_HW_TMS320VC5509A/FW/CPLD/basicfunctions/Parallel2Serial4OneAD7265New.v Line: 23
    Info (308011): Node  "ad7864Drv:inst13|cnter[1]" File: D:/otherProjects/Beamforming/Beamforming_HW_TMS320VC5509A/FW/CPLD/basicfunctions/ad7864Drv.v Line: 44
    Info (308011): Node  "ad7864Drv:inst13|adcen" File: D:/otherProjects/Beamforming/Beamforming_HW_TMS320VC5509A/FW/CPLD/basicfunctions/ad7864Drv.v Line: 27
    Info (308011): Node  "ad7864Drv:inst13|Add0~20" File: D:/otherProjects/Beamforming/Beamforming_HW_TMS320VC5509A/FW/CPLD/basicfunctions/ad7864Drv.v Line: 53
    Info (308011): Node  "ad7864Drv:inst13|cnter[0]" File: D:/otherProjects/Beamforming/Beamforming_HW_TMS320VC5509A/FW/CPLD/basicfunctions/ad7864Drv.v Line: 44
    Info (308011): Node  "Parallel2Serial4OneAD7265New:inst17|always6~0"
    Info (308011): Node  "ad7864Drv:inst13|cnter[6]" File: D:/otherProjects/Beamforming/Beamforming_HW_TMS320VC5509A/FW/CPLD/basicfunctions/ad7864Drv.v Line: 44
    Info (308011): Node  "ad7864Drv:inst13|cnter[2]" File: D:/otherProjects/Beamforming/Beamforming_HW_TMS320VC5509A/FW/CPLD/basicfunctions/ad7864Drv.v Line: 44
    Info (308011): Node  "Parallel2Serial4OneAD7265New:inst17|sel~1" File: D:/otherProjects/Beamforming/Beamforming_HW_TMS320VC5509A/FW/CPLD/basicfunctions/Parallel2Serial4OneAD7265New.v Line: 29
    Info (308002): Truncated list of Design Assistant messages to 30 messages. Go to sections under Design Assistant section of Compilation Report for complete lists of Design Assistant messages generated.
Info (308007): Design Assistant information: finished post-fitting analysis of current design -- generated 51 information messages and 17 warning messages
Info: Quartus Prime Design Assistant was successful. 0 errors, 29 warnings
    Info: Peak virtual memory: 4612 megabytes
    Info: Processing ended: Sun Sep 26 10:33:48 2021
    Info: Elapsed time: 00:00:01
    Info: Total CPU time (on all processors): 00:00:01


