Flow report for basicfunctions
Sat Sep 25 12:43:35 2021
Quartus Prime Version 19.1.0 Build 670 09/22/2019 SJ Lite Edition


---------------------
; Table of Contents ;
---------------------
  1. Legal Notice
  2. Flow Summary
  3. Flow Settings
  4. Flow Non-Default Global Settings
  5. Flow Elapsed Time
  6. Flow OS Summary
  7. Flow Log
  8. Flow Messages
  9. Flow Suppressed Messages



----------------
; Legal Notice ;
----------------
Copyright (C) 2019  Intel Corporation. All rights reserved.
Your use of Intel Corporation's design tools, logic functions 
and other software and tools, and any partner logic 
functions, and any output files from any of the foregoing 
(including device programming or simulation files), and any 
associated documentation or information are expressly subject 
to the terms and conditions of the Intel Program License 
Subscription Agreement, the Intel Quartus Prime License Agreement,
the Intel FPGA IP License Agreement, or other applicable license
agreement, including, without limitation, that your use is for
the sole purpose of programming logic devices manufactured by
Intel and sold by Intel or its authorized distributors.  Please
refer to the applicable agreement for further details, at
https://fpgasoftware.intel.com/eula.



+---------------------------------------------------------------------+
; Flow Summary                                                        ;
+-----------------------+---------------------------------------------+
; Flow Status           ; Successful - Sat Sep 25 12:43:35 2021       ;
; Quartus Prime Version ; 19.1.0 Build 670 09/22/2019 SJ Lite Edition ;
; Revision Name         ; basicfunctions                              ;
; Top-level Entity Name ; basicfunctions                              ;
; Family                ; MAX V                                       ;
; Device                ; 5M160ZE64C5                                 ;
; Timing Models         ; Final                                       ;
; Total logic elements  ; 121 / 160 ( 76 % )                          ;
; Total pins            ; 39 / 54 ( 72 % )                            ;
; Total virtual pins    ; 0                                           ;
; UFM blocks            ; 1 / 1 ( 100 % )                             ;
+-----------------------+---------------------------------------------+


+-----------------------------------------+
; Flow Settings                           ;
+-------------------+---------------------+
; Option            ; Setting             ;
+-------------------+---------------------+
; Start date & time ; 09/25/2021 12:43:12 ;
; Main task         ; Compilation         ;
; Revision Name     ; basicfunctions      ;
+-------------------+---------------------+


+------------------------------------------------------------------------------------------------------------------------------------------------+
; Flow Non-Default Global Settings                                                                                                               ;
+--------------------------------------------+---------------------------------+---------------+-------------+-----------------------------------+
; Assignment Name                            ; Value                           ; Default Value ; Entity Name ; Section Id                        ;
+--------------------------------------------+---------------------------------+---------------+-------------+-----------------------------------+
; COMPILER_SIGNATURE_ID                      ; 269058766099854.163258459205612 ; --            ; --          ; --                                ;
; EDA_BOARD_DESIGN_TIMING_TOOL               ; Stamp (Timing)                  ; <None>        ; --          ; --                                ;
; EDA_GENERATE_FUNCTIONAL_NETLIST            ; Off                             ; --            ; --          ; eda_board_design_timing           ;
; EDA_GENERATE_FUNCTIONAL_NETLIST            ; Off                             ; --            ; --          ; eda_board_design_boundary_scan    ;
; EDA_GENERATE_FUNCTIONAL_NETLIST            ; Off                             ; --            ; --          ; eda_board_design_signal_integrity ;
; EDA_GENERATE_FUNCTIONAL_NETLIST            ; Off                             ; --            ; --          ; eda_board_design_symbol           ;
; EDA_OUTPUT_DATA_FORMAT                     ; Stamp                           ; --            ; --          ; eda_board_design_timing           ;
; EDA_OUTPUT_DATA_FORMAT                     ; Verilog Hdl                     ; --            ; --          ; eda_simulation                    ;
; EDA_SIMULATION_TOOL                        ; ModelSim-Altera (Verilog)       ; <None>        ; --          ; --                                ;
; EDA_TIME_SCALE                             ; 1 ns                            ; --            ; --          ; eda_simulation                    ;
; ENABLE_DRC_SETTINGS                        ; On                              ; Off           ; --          ; --                                ;
; FITTER_AGGRESSIVE_ROUTABILITY_OPTIMIZATION ; Never                           ; Automatically ; --          ; --                                ;
; FLOW_ENABLE_IO_ASSIGNMENT_ANALYSIS         ; On                              ; Off           ; --          ; --                                ;
; FLOW_ENABLE_RTL_VIEWER                     ; On                              ; Off           ; --          ; --                                ;
; MAX_CORE_JUNCTION_TEMP                     ; 85                              ; --            ; --          ; --                                ;
; MIN_CORE_JUNCTION_TEMP                     ; 0                               ; --            ; --          ; --                                ;
; MISC_FILE                                  ; cnter.bsf                       ; --            ; --          ; --                                ;
; MISC_FILE                                  ; cnter_bb.v                      ; --            ; --          ; --                                ;
; MISC_FILE                                  ; cnter8Bits.bsf                  ; --            ; --          ; --                                ;
; MISC_FILE                                  ; cnter8Bits_bb.v                 ; --            ; --          ; --                                ;
; MISC_FILE                                  ; osc.bsf                         ; --            ; --          ; --                                ;
; MISC_FILE                                  ; osc_inst.v                      ; --            ; --          ; --                                ;
; MISC_FILE                                  ; osc_bb.v                        ; --            ; --          ; --                                ;
; MISC_FILE                                  ; mux2.bsf                        ; --            ; --          ; --                                ;
; MISC_FILE                                  ; mux2_inst.v                     ; --            ; --          ; --                                ;
; MISC_FILE                                  ; mux2_bb.v                       ; --            ; --          ; --                                ;
; MISC_FILE                                  ; mux4boot.bsf                    ; --            ; --          ; --                                ;
; MISC_FILE                                  ; mux4boot_inst.v                 ; --            ; --          ; --                                ;
; MISC_FILE                                  ; mux4boot_bb.v                   ; --            ; --          ; --                                ;
; NUM_PARALLEL_PROCESSORS                    ; All                             ; --            ; --          ; --                                ;
; POWER_PRESET_COOLING_SOLUTION              ; No Heat Sink With Still Air     ; --            ; --          ; --                                ;
; PROJECT_OUTPUT_DIRECTORY                   ; output_files                    ; --            ; --          ; --                                ;
+--------------------------------------------+---------------------------------+---------------+-------------+-----------------------------------+


+-----------------------------------------------------------------------------------------------------------------------------+
; Flow Elapsed Time                                                                                                           ;
+-------------------------+--------------+-------------------------+---------------------+------------------------------------+
; Module Name             ; Elapsed Time ; Average Processors Used ; Peak Virtual Memory ; Total CPU Time (on all processors) ;
+-------------------------+--------------+-------------------------+---------------------+------------------------------------+
; Analysis & Synthesis    ; 00:00:11     ; 1.0                     ; 4709 MB             ; 00:00:22                           ;
; I/O Assignment Analysis ; 00:00:01     ; 1.0                     ; 4889 MB             ; 00:00:01                           ;
; Fitter                  ; 00:00:02     ; 1.0                     ; 5329 MB             ; 00:00:03                           ;
; Assembler               ; 00:00:01     ; 1.0                     ; 4660 MB             ; 00:00:01                           ;
; Timing Analyzer         ; 00:00:01     ; 1.0                     ; 4675 MB             ; 00:00:01                           ;
; Design Assistant        ; 00:00:01     ; 1.0                     ; 4612 MB             ; 00:00:01                           ;
; EDA Netlist Writer      ; 00:00:01     ; 1.0                     ; 4621 MB             ; 00:00:01                           ;
; Total                   ; 00:00:18     ; --                      ; --                  ; 00:00:30                           ;
+-------------------------+--------------+-------------------------+---------------------+------------------------------------+


+----------------------------------------------------------------------------------------+
; Flow OS Summary                                                                        ;
+-------------------------+-------------------+------------+------------+----------------+
; Module Name             ; Machine Hostname  ; OS Name    ; OS Version ; Processor type ;
+-------------------------+-------------------+------------+------------+----------------+
; Analysis & Synthesis    ; DesktopAMDDongXia ; Windows 10 ; 10.0       ; x86_64         ;
; I/O Assignment Analysis ; DesktopAMDDongXia ; Windows 10 ; 10.0       ; x86_64         ;
; Fitter                  ; DesktopAMDDongXia ; Windows 10 ; 10.0       ; x86_64         ;
; Assembler               ; DesktopAMDDongXia ; Windows 10 ; 10.0       ; x86_64         ;
; Timing Analyzer         ; DesktopAMDDongXia ; Windows 10 ; 10.0       ; x86_64         ;
; Design Assistant        ; DesktopAMDDongXia ; Windows 10 ; 10.0       ; x86_64         ;
; EDA Netlist Writer      ; DesktopAMDDongXia ; Windows 10 ; 10.0       ; x86_64         ;
+-------------------------+-------------------+------------+------------+----------------+


------------
; Flow Log ;
------------
quartus_map --read_settings_files=on --write_settings_files=off basicfunctions -c basicfunctions
quartus_fit --read_settings_files=off --write_settings_files=off basicfunctions -c basicfunctions --plan
quartus_fit --read_settings_files=off --write_settings_files=off basicfunctions -c basicfunctions
quartus_asm --read_settings_files=off --write_settings_files=off basicfunctions -c basicfunctions
quartus_sta basicfunctions -c basicfunctions
quartus_drc basicfunctions -c basicfunctions
quartus_eda --read_settings_files=off --write_settings_files=off basicfunctions -c basicfunctions



