Fitter report for basicfunctions
Sun Sep 19 21:47:57 2021
Quartus Prime Version 19.1.0 Build 670 09/22/2019 SJ Lite Edition


---------------------
; Table of Contents ;
---------------------
  1. Legal Notice
  2. Fitter Summary
  3. Fitter Settings
  4. Parallel Compilation
  5. Fitter Resource Usage Summary
  6. Input Pins
  7. Output Pins
  8. Bidir Pins
  9. I/O Bank Usage
 10. All Package Pins
 11. Output Pin Default Load For Reported TCO
 12. I/O Assignment Warnings
 13. Fitter Resource Utilization by Entity
 14. Delay Chain Summary
 15. Control Signals
 16. Fitter Device Options
 17. Fitter Messages



----------------
; Legal Notice ;
----------------
Copyright (C) 2019  Intel Corporation. All rights reserved.
Your use of Intel Corporation's design tools, logic functions 
and other software and tools, and any partner logic 
functions, and any output files from any of the foregoing 
(including device programming or simulation files), and any 
associated documentation or information are expressly subject 
to the terms and conditions of the Intel Program License 
Subscription Agreement, the Intel Quartus Prime License Agreement,
the Intel FPGA IP License Agreement, or other applicable license
agreement, including, without limitation, that your use is for
the sole purpose of programming logic devices manufactured by
Intel and sold by Intel or its authorized distributors.  Please
refer to the applicable agreement for further details, at
https://fpgasoftware.intel.com/eula.



+---------------------------------------------------------------------+
; Fitter Summary                                                      ;
+-----------------------+---------------------------------------------+
; Fitter Status         ; Failed - Sun Sep 19 21:47:57 2021           ;
; Quartus Prime Version ; 19.1.0 Build 670 09/22/2019 SJ Lite Edition ;
; Revision Name         ; basicfunctions                              ;
; Top-level Entity Name ; basicfunctions                              ;
; Family                ; MAX V                                       ;
; Device                ; 5M160ZE64C5                                 ;
; Timing Models         ; Final                                       ;
; Total logic elements  ; 136 / 160 ( 85 % )                          ;
; Total pins            ; 39 / 54 ( 72 % )                            ;
; Total virtual pins    ; 0                                           ;
; UFM blocks            ; 1 / 1 ( 100 % )                             ;
+-----------------------+---------------------------------------------+


+--------------------------------------------------------------------------------------------------------------------------------------+
; Fitter Settings                                                                                                                      ;
+--------------------------------------------------------------------+--------------------------------+--------------------------------+
; Option                                                             ; Setting                        ; Default Value                  ;
+--------------------------------------------------------------------+--------------------------------+--------------------------------+
; Device                                                             ; 5M160ZE64C5                    ;                                ;
; Minimum Core Junction Temperature                                  ; 0                              ;                                ;
; Maximum Core Junction Temperature                                  ; 85                             ;                                ;
; Fit Attempts to Skip                                               ; 0                              ; 0.0                            ;
; Use smart compilation                                              ; Off                            ; Off                            ;
; Enable parallel Assembler and Timing Analyzer during compilation   ; On                             ; On                             ;
; Enable compact report table                                        ; Off                            ; Off                            ;
; Router Timing Optimization Level                                   ; Normal                         ; Normal                         ;
; Placement Effort Multiplier                                        ; 1.0                            ; 1.0                            ;
; Router Effort Multiplier                                           ; 1.0                            ; 1.0                            ;
; Always Enable Input Buffers                                        ; Off                            ; Off                            ;
; Optimize Hold Timing                                               ; IO Paths and Minimum TPD Paths ; IO Paths and Minimum TPD Paths ;
; Optimize Multi-Corner Timing                                       ; Off                            ; Off                            ;
; Guarantee I/O Paths Have Zero Hold Time at Fast Corner             ; On                             ; On                             ;
; Power Optimization During Fitting                                  ; Normal compilation             ; Normal compilation             ;
; Optimize Timing                                                    ; Normal compilation             ; Normal compilation             ;
; Optimize Timing for ECOs                                           ; Off                            ; Off                            ;
; Regenerate Full Fit Report During ECO Compiles                     ; Off                            ; Off                            ;
; Optimize IOC Register Placement for Timing                         ; Normal                         ; Normal                         ;
; Limit to One Fitting Attempt                                       ; Off                            ; Off                            ;
; Final Placement Optimizations                                      ; Automatically                  ; Automatically                  ;
; Fitter Aggressive Routability Optimizations                        ; Automatically                  ; Automatically                  ;
; Fitter Initial Placement Seed                                      ; 1                              ; 1                              ;
; Periphery to Core Placement and Routing Optimization               ; Off                            ; Off                            ;
; Slow Slew Rate                                                     ; Off                            ; Off                            ;
; PCI I/O                                                            ; Off                            ; Off                            ;
; Weak Pull-Up Resistor                                              ; Off                            ; Off                            ;
; Enable Bus-Hold Circuitry                                          ; Off                            ; Off                            ;
; Auto Delay Chains                                                  ; On                             ; On                             ;
; Auto Delay Chains for High Fanout Input Pins                       ; Off                            ; Off                            ;
; Perform Physical Synthesis for Combinational Logic for Performance ; Off                            ; Off                            ;
; Perform Register Duplication for Performance                       ; Off                            ; Off                            ;
; Perform Register Retiming for Performance                          ; Off                            ; Off                            ;
; Perform Asynchronous Signal Pipelining                             ; Off                            ; Off                            ;
; Fitter Effort                                                      ; Auto Fit                       ; Auto Fit                       ;
; Physical Synthesis Effort Level                                    ; Normal                         ; Normal                         ;
; Logic Cell Insertion - Logic Duplication                           ; Auto                           ; Auto                           ;
; Auto Register Duplication                                          ; Auto                           ; Auto                           ;
; Auto Global Clock                                                  ; On                             ; On                             ;
; Auto Global Register Control Signals                               ; On                             ; On                             ;
; Force Fitter to Avoid Periphery Placement Warnings                 ; Off                            ; Off                            ;
+--------------------------------------------------------------------+--------------------------------+--------------------------------+


+------------------------------------------+
; Parallel Compilation                     ;
+----------------------------+-------------+
; Processors                 ; Number      ;
+----------------------------+-------------+
; Number detected on machine ; 4           ;
; Maximum allowed            ; 4           ;
;                            ;             ;
; Average used               ; 1.00        ;
; Maximum used               ; 1           ;
;                            ;             ;
; Usage by Processor         ; % Time Used ;
;     Processor 1            ; 100.0%      ;
+----------------------------+-------------+


+-----------------------------------------------------------+
; Fitter Resource Usage Summary                             ;
+----------------------------------------+------------------+
; Resource                               ; Usage            ;
+----------------------------------------+------------------+
; Total logic elements                   ; Not available    ;
;                                        ;                  ;
; Total LABs                             ; Not available    ;
; Logic elements in carry chains         ; 21               ;
; Virtual pins                           ; 0                ;
; I/O pins                               ; 39 / 54 ( 72 % ) ;
;     -- Clock pins                      ; 0 / 4 ( 0 % )    ;
;                                        ;                  ;
; UFM blocks                             ; 1 / 1 ( 100 % )  ;
;                                        ;                  ;
;     -- Total Fixed Point DSP Blocks    ; 0                ;
;     -- Total Floating Point DSP Blocks ; 0                ;
;                                        ;                  ;
; Global signals                         ; 0                ;
;     -- Global clocks                   ; 0 / 4 ( 0 % )    ;
; JTAGs                                  ; 0 / 1 ( 0 % )    ;
; Maximum fan-out                        ; 30               ;
; Highest non-global fan-out             ; 30               ;
; Total fan-out                          ; 425              ;
; Average fan-out                        ; 2.40             ;
+----------------------------------------+------------------+


+---------------------------------------------------------------------------------------------------------------------------------------------------------------------------------------------------+
; Input Pins                                                                                                                                                                                        ;
+------------------+------------+----------+-----------------------+--------------------+--------+-----------------+----------+--------------+--------------+----------------------+----------------+
; Name             ; Pin #      ; I/O Bank ; Combinational Fan-Out ; Registered Fan-Out ; Global ; PCI I/O Enabled ; Bus Hold ; Weak Pull Up ; I/O Standard ; Location assigned by ; Slow Slew Rate ;
+------------------+------------+----------+-----------------------+--------------------+--------+-----------------+----------+--------------+--------------+----------------------+----------------+
; ADC_DB_PIN[0]    ; Unassigned ; --       ; 1                     ; 0                  ; no     ; no              ; no       ; Off          ; 3.3-V LVTTL  ; User                 ; no             ;
; ADC_DB_PIN[10]   ; Unassigned ; --       ; 1                     ; 0                  ; no     ; no              ; no       ; Off          ; 3.3-V LVTTL  ; User                 ; no             ;
; ADC_DB_PIN[11]   ; Unassigned ; --       ; 1                     ; 0                  ; no     ; no              ; no       ; Off          ; 3.3-V LVTTL  ; User                 ; no             ;
; ADC_DB_PIN[1]    ; Unassigned ; --       ; 1                     ; 0                  ; no     ; no              ; no       ; Off          ; 3.3-V LVTTL  ; User                 ; no             ;
; ADC_DB_PIN[2]    ; Unassigned ; --       ; 1                     ; 0                  ; no     ; no              ; no       ; Off          ; 3.3-V LVTTL  ; User                 ; no             ;
; ADC_DB_PIN[3]    ; Unassigned ; --       ; 1                     ; 0                  ; no     ; no              ; no       ; Off          ; 3.3-V LVTTL  ; User                 ; no             ;
; ADC_DB_PIN[4]    ; Unassigned ; --       ; 1                     ; 0                  ; no     ; no              ; no       ; Off          ; 3.3-V LVTTL  ; User                 ; no             ;
; ADC_DB_PIN[5]    ; Unassigned ; --       ; 1                     ; 0                  ; no     ; no              ; no       ; Off          ; 3.3-V LVTTL  ; User                 ; no             ;
; ADC_DB_PIN[6]    ; Unassigned ; --       ; 1                     ; 0                  ; no     ; no              ; no       ; Off          ; 3.3-V LVTTL  ; User                 ; no             ;
; ADC_DB_PIN[7]    ; Unassigned ; --       ; 1                     ; 0                  ; no     ; no              ; no       ; Off          ; 3.3-V LVTTL  ; User                 ; no             ;
; ADC_DB_PIN[8]    ; Unassigned ; --       ; 1                     ; 0                  ; no     ; no              ; no       ; Off          ; 3.3-V LVTTL  ; User                 ; no             ;
; ADC_DB_PIN[9]    ; Unassigned ; --       ; 1                     ; 0                  ; no     ; no              ; no       ; Off          ; 3.3-V LVTTL  ; User                 ; no             ;
; CLOCKPIN         ; Unassigned ; --       ; 30                    ; 0                  ; no     ; no              ; no       ; Off          ; 3.3-V LVTTL  ; User                 ; no             ;
; CPLD_EEPROM_MISO ; Unassigned ; --       ; 1                     ; 0                  ; no     ; no              ; no       ; Off          ; 3.3-V LVTTL  ; User                 ; no             ;
; CPLD_SPI_MI      ; Unassigned ; --       ; 0                     ; 0                  ; no     ; no              ; no       ; Off          ; 3.3-V LVTTL  ; Fitter               ; no             ;
; DSP_CONV_PIN     ; Unassigned ; --       ; 9                     ; 0                  ; no     ; no              ; no       ; Off          ; 3.3-V LVTTL  ; User                 ; no             ;
; DSP_EEPROM_CS    ; Unassigned ; --       ; 1                     ; 0                  ; no     ; no              ; no       ; Off          ; 3.3-V LVTTL  ; User                 ; no             ;
; DSP_EEPROM_MOSI  ; Unassigned ; --       ; 1                     ; 0                  ; no     ; no              ; no       ; Off          ; 3.3-V LVTTL  ; User                 ; no             ;
; DSP_EEPROM_SCK   ; Unassigned ; --       ; 1                     ; 0                  ; no     ; no              ; no       ; Off          ; 3.3-V LVTTL  ; User                 ; no             ;
+------------------+------------+----------+-----------------------+--------------------+--------+-----------------+----------+--------------+--------------+----------------------+----------------+


+---------------------------------------------------------------------------------------------------------------------------------------------------------------------------------------------------------------------------------------------------------------------------------------------+
; Output Pins                                                                                                                                                                                                                                                                                 ;
+------------------+------------+----------+-----------------+----------------+-----------------+------------+---------------+----------+--------------+--------------+------------------+------------------------+----------------------+-------+----------------------+---------------------+
; Name             ; Pin #      ; I/O Bank ; Output Register ; Slow Slew Rate ; PCI I/O Enabled ; Open Drain ; TRI Primitive ; Bus Hold ; Weak Pull Up ; I/O Standard ; Current Strength ; Fast Output Connection ; Location assigned by ; Load  ; Output Enable Source ; Output Enable Group ;
+------------------+------------+----------+-----------------+----------------+-----------------+------------+---------------+----------+--------------+--------------+------------------+------------------------+----------------------+-------+----------------------+---------------------+
; ADC_CLK          ; Unassigned ; --       ; no              ; no             ; no              ; no         ; no            ; no       ; Off          ; 3.3-V LVTTL  ; Default          ; no                     ; User                 ; 10 pF ; -                    ; -                   ;
; ADC_CONV         ; Unassigned ; --       ; no              ; no             ; no              ; no         ; no            ; no       ; Off          ; 3.3-V LVTTL  ; Default          ; no                     ; User                 ; 10 pF ; -                    ; -                   ;
; ADC_RD           ; Unassigned ; --       ; no              ; no             ; no              ; no         ; no            ; no       ; Off          ; 3.3-V LVTTL  ; Default          ; no                     ; User                 ; 10 pF ; -                    ; -                   ;
; AD_CS[0]         ; Unassigned ; --       ; no              ; no             ; no              ; no         ; no            ; no       ; Off          ; 3.3-V LVTTL  ; Default          ; no                     ; User                 ; 10 pF ; -                    ; -                   ;
; AD_CS[1]         ; Unassigned ; --       ; no              ; no             ; no              ; no         ; no            ; no       ; Off          ; 3.3-V LVTTL  ; Default          ; no                     ; User                 ; 10 pF ; -                    ; -                   ;
; AD_CS[2]         ; Unassigned ; --       ; no              ; no             ; no              ; no         ; no            ; no       ; Off          ; 3.3-V LVTTL  ; Default          ; no                     ; User                 ; 10 pF ; -                    ; -                   ;
; AD_CS[3]         ; Unassigned ; --       ; no              ; no             ; no              ; no         ; no            ; no       ; Off          ; 3.3-V LVTTL  ; Default          ; no                     ; User                 ; 10 pF ; -                    ; -                   ;
; CPLD_EEPROM_CS   ; Unassigned ; --       ; no              ; no             ; no              ; no         ; no            ; no       ; Off          ; 3.3-V LVTTL  ; Default          ; no                     ; User                 ; 10 pF ; -                    ; -                   ;
; CPLD_EEPROM_MOSI ; Unassigned ; --       ; no              ; no             ; no              ; no         ; no            ; no       ; Off          ; 3.3-V LVTTL  ; Default          ; no                     ; User                 ; 10 pF ; -                    ; -                   ;
; CPLD_EEPROM_SCK  ; Unassigned ; --       ; no              ; no             ; no              ; no         ; no            ; no       ; Off          ; 3.3-V LVTTL  ; Default          ; no                     ; User                 ; 10 pF ; -                    ; -                   ;
; CPLD_SPI_CLK     ; Unassigned ; --       ; no              ; no             ; no              ; no         ; no            ; no       ; Off          ; 3.3-V LVTTL  ; Default          ; no                     ; Fitter               ; 10 pF ; -                    ; -                   ;
; CPLD_SPI_MO      ; Unassigned ; --       ; no              ; no             ; no              ; no         ; no            ; no       ; Off          ; 3.3-V LVTTL  ; Default          ; no                     ; Fitter               ; 10 pF ; -                    ; -                   ;
; DSPCLKOUT        ; Unassigned ; --       ; no              ; no             ; no              ; no         ; no            ; no       ; Off          ; 3.3-V LVTTL  ; Default          ; no                     ; User                 ; 10 pF ; -                    ; -                   ;
; DSP_EEPROM_MISO  ; Unassigned ; --       ; no              ; no             ; no              ; no         ; no            ; no       ; Off          ; 3.3-V LVTTL  ; Default          ; no                     ; User                 ; 10 pF ; -                    ; -                   ;
; DSP_PWR_EN       ; Unassigned ; --       ; no              ; no             ; no              ; no         ; no            ; no       ; Off          ; 3.3-V LVTTL  ; Default          ; no                     ; User                 ; 10 pF ; -                    ; -                   ;
; DSP_RST          ; Unassigned ; --       ; no              ; no             ; no              ; no         ; no            ; no       ; Off          ; 3.3-V LVTTL  ; Default          ; no                     ; User                 ; 10 pF ; -                    ; -                   ;
+------------------+------------+----------+-----------------+----------------+-----------------+------------+---------------+----------+--------------+--------------+------------------+------------------------+----------------------+-------+----------------------+---------------------+


+------------------------------------------------------------------------------------------------------------------------------------------------------------------------------------------------------------------------------------------------------------------------------------------------------------------------+
; Bidir Pins                                                                                                                                                                                                                                                                                                             ;
+-------+------------+----------+-----------------------+--------------------+--------+-----------------+----------------+-----------------+------------+----------+--------------+--------------+------------------+------------------------+----------------------+-------+----------------------+---------------------+
; Name  ; Pin #      ; I/O Bank ; Combinational Fan-Out ; Registered Fan-Out ; Global ; Output Register ; Slow Slew Rate ; PCI I/O Enabled ; Open Drain ; Bus Hold ; Weak Pull Up ; I/O Standard ; Current Strength ; Fast Output Connection ; Location assigned by ; Load  ; Output Enable Source ; Output Enable Group ;
+-------+------------+----------+-----------------------+--------------------+--------+-----------------+----------------+-----------------+------------+----------+--------------+--------------+------------------+------------------------+----------------------+-------+----------------------+---------------------+
; GPIO0 ; Unassigned ; --       ; 0                     ; 0                  ; no     ; no              ; no             ; no              ; no         ; no       ; Off          ; 3.3-V LVTTL  ; Default          ; no                     ; User                 ; 10 pF ; -                    ; -                   ;
; GPIO1 ; Unassigned ; --       ; 0                     ; 0                  ; no     ; no              ; no             ; no              ; yes        ; no       ; Off          ; 3.3-V LVTTL  ; Default          ; no                     ; User                 ; 10 pF ; -                    ; -                   ;
; GPIO2 ; Unassigned ; --       ; 0                     ; 0                  ; no     ; no              ; no             ; no              ; yes        ; no       ; Off          ; 3.3-V LVTTL  ; Default          ; no                     ; User                 ; 10 pF ; -                    ; -                   ;
; GPIO3 ; Unassigned ; --       ; 0                     ; 0                  ; no     ; no              ; no             ; no              ; yes        ; no       ; Off          ; 3.3-V LVTTL  ; Default          ; no                     ; User                 ; 10 pF ; -                    ; -                   ;
+-------+------------+----------+-----------------------+--------------------+--------+-----------------+----------------+-----------------+------------+----------+--------------+--------------+------------------+------------------------+----------------------+-------+----------------------+---------------------+


+----------------------------------------------------------+
; I/O Bank Usage                                           ;
+----------+----------------+---------------+--------------+
; I/O Bank ; Usage          ; VCCIO Voltage ; VREF Voltage ;
+----------+----------------+---------------+--------------+
; 1        ; 0 / 27 ( 0 % ) ; 3.3V          ; --           ;
; 2        ; 0 / 27 ( 0 % ) ; 3.3V          ; --           ;
; Unknown  ; 40             ; --            ;              ;
+----------+----------------+---------------+--------------+


+----------------------------------------------------------------------------------------------------------------------------------------------+
; All Package Pins                                                                                                                             ;
+----------+------------+----------+----------------+--------+--------------+---------+------------+-----------------+----------+--------------+
; Location ; Pad Number ; I/O Bank ; Pin Name/Usage ; Dir.   ; I/O Standard ; Voltage ; I/O Type   ; User Assignment ; Bus Hold ; Weak Pull Up ;
+----------+------------+----------+----------------+--------+--------------+---------+------------+-----------------+----------+--------------+
; 1        ; 2          ; 1        ; RESERVED_INPUT ;        ;              ;         ; Row I/O    ;                 ; no       ; Off          ;
; 2        ; 3          ; 1        ; RESERVED_INPUT ;        ;              ;         ; Row I/O    ;                 ; no       ; Off          ;
; 3        ; 4          ; 1        ; RESERVED_INPUT ;        ;              ;         ; Row I/O    ;                 ; no       ; Off          ;
; 4        ; 5          ; 1        ; RESERVED_INPUT ;        ;              ;         ; Row I/O    ;                 ; no       ; Off          ;
; 5        ; 6          ; 1        ; RESERVED_INPUT ;        ;              ;         ; Row I/O    ;                 ; no       ; Off          ;
; 6        ;            ; 1        ; VCCIO1         ; power  ;              ; 3.3V    ; --         ;                 ; --       ; --           ;
; 7        ; 7          ; 1        ; RESERVED_INPUT ;        ;              ;         ; Row I/O    ;                 ; no       ; Off          ;
; 8        ;            ;          ; VCCINT         ; power  ;              ; 1.8V    ; --         ;                 ; --       ; --           ;
; 9        ; 8          ; 1        ; RESERVED_INPUT ;        ;              ;         ; Row I/O    ;                 ; no       ; Off          ;
; 10       ; 11         ; 1        ; RESERVED_INPUT ;        ;              ;         ; Row I/O    ;                 ; no       ; Off          ;
; 11       ; 13         ; 1        ; RESERVED_INPUT ;        ;              ;         ; Row I/O    ;                 ; no       ; Off          ;
; 12       ; 14         ; 1        ; RESERVED_INPUT ;        ;              ;         ; Row I/O    ;                 ; no       ; Off          ;
; 13       ; 15         ; 1        ; RESERVED_INPUT ;        ;              ;         ; Row I/O    ;                 ; no       ; Off          ;
; 14       ; 16         ; 1        ; #TMS           ; input  ;              ;         ; --         ;                 ; --       ; --           ;
; 15       ; 17         ; 1        ; #TDI           ; input  ;              ;         ; --         ;                 ; --       ; --           ;
; 16       ; 18         ; 1        ; #TCK           ; input  ;              ;         ; --         ;                 ; --       ; --           ;
; 17       ; 19         ; 1        ; #TDO           ; output ;              ;         ; --         ;                 ; --       ; --           ;
; 18       ; 20         ; 1        ; RESERVED_INPUT ;        ;              ;         ; Column I/O ;                 ; no       ; Off          ;
; 19       ; 21         ; 1        ; RESERVED_INPUT ;        ;              ;         ; Column I/O ;                 ; no       ; Off          ;
; 20       ; 22         ; 1        ; RESERVED_INPUT ;        ;              ;         ; Column I/O ;                 ; no       ; Off          ;
; 21       ; 23         ; 1        ; RESERVED_INPUT ;        ;              ;         ; Column I/O ;                 ; no       ; Off          ;
; 22       ; 24         ; 1        ; RESERVED_INPUT ;        ;              ;         ; Column I/O ;                 ; no       ; Off          ;
; 23       ;            ; 1        ; VCCIO1         ; power  ;              ; 3.3V    ; --         ;                 ; --       ; --           ;
; 24       ; 25         ; 1        ; RESERVED_INPUT ;        ;              ;         ; Column I/O ;                 ; no       ; Off          ;
; 25       ; 26         ; 1        ; RESERVED_INPUT ;        ;              ;         ; Column I/O ;                 ; no       ; Off          ;
; 26       ; 33         ; 1        ; RESERVED_INPUT ;        ;              ;         ; Column I/O ;                 ; no       ; Off          ;
; 27       ; 34         ; 1        ; RESERVED_INPUT ;        ;              ;         ; Column I/O ;                 ; no       ; Off          ;
; 28       ; 35         ; 1        ; RESERVED_INPUT ;        ;              ;         ; Column I/O ;                 ; no       ; Off          ;
; 29       ; 36         ; 1        ; RESERVED_INPUT ;        ;              ;         ; Column I/O ;                 ; no       ; Off          ;
; 30       ; 37         ; 1        ; RESERVED_INPUT ;        ;              ;         ; Column I/O ;                 ; no       ; Off          ;
; 31       ; 38         ; 1        ; RESERVED_INPUT ;        ;              ;         ; Column I/O ;                 ; no       ; Off          ;
; 32       ; 39         ; 1        ; RESERVED_INPUT ;        ;              ;         ; Column I/O ;                 ; no       ; Off          ;
; 33       ; 40         ; 1        ; RESERVED_INPUT ;        ;              ;         ; Column I/O ;                 ; no       ; Off          ;
; 34       ; 42         ; 2        ; RESERVED_INPUT ;        ;              ;         ; Row I/O    ;                 ; no       ; Off          ;
; 35       ; 43         ; 2        ; RESERVED_INPUT ;        ;              ;         ; Row I/O    ;                 ; no       ; Off          ;
; 36       ; 44         ; 2        ; RESERVED_INPUT ;        ;              ;         ; Row I/O    ;                 ; no       ; Off          ;
; 37       ; 45         ; 2        ; RESERVED_INPUT ;        ;              ;         ; Row I/O    ;                 ; no       ; Off          ;
; 38       ; 47         ; 2        ; RESERVED_INPUT ;        ;              ;         ; Row I/O    ;                 ; no       ; Off          ;
; 39       ;            ; 2        ; VCCIO2         ; power  ;              ; 3.3V    ; --         ;                 ; --       ; --           ;
; 40       ; 50         ; 2        ; RESERVED_INPUT ;        ;              ;         ; Row I/O    ;                 ; no       ; Off          ;
; 41       ;            ;          ; VCCINT         ; power  ;              ; 1.8V    ; --         ;                 ; --       ; --           ;
; 42       ; 51         ; 2        ; RESERVED_INPUT ;        ;              ;         ; Row I/O    ;                 ; no       ; Off          ;
; 43       ; 54         ; 2        ; RESERVED_INPUT ;        ;              ;         ; Row I/O    ;                 ; no       ; Off          ;
; 44       ; 55         ; 2        ; RESERVED_INPUT ;        ;              ;         ; Row I/O    ;                 ; no       ; Off          ;
; 45       ; 56         ; 2        ; RESERVED_INPUT ;        ;              ;         ; Row I/O    ;                 ; no       ; Off          ;
; 46       ; 57         ; 2        ; RESERVED_INPUT ;        ;              ;         ; Row I/O    ;                 ; no       ; Off          ;
; 47       ; 58         ; 2        ; RESERVED_INPUT ;        ;              ;         ; Row I/O    ;                 ; no       ; Off          ;
; 48       ; 59         ; 2        ; RESERVED_INPUT ;        ;              ;         ; Row I/O    ;                 ; no       ; Off          ;
; 49       ; 67         ; 2        ; RESERVED_INPUT ;        ;              ;         ; Column I/O ;                 ; no       ; Off          ;
; 50       ; 68         ; 2        ; RESERVED_INPUT ;        ;              ;         ; Column I/O ;                 ; no       ; Off          ;
; 51       ; 69         ; 2        ; RESERVED_INPUT ;        ;              ;         ; Column I/O ;                 ; no       ; Off          ;
; 52       ; 70         ; 2        ; RESERVED_INPUT ;        ;              ;         ; Column I/O ;                 ; no       ; Off          ;
; 53       ; 71         ; 2        ; RESERVED_INPUT ;        ;              ;         ; Column I/O ;                 ; no       ; Off          ;
; 54       ; 73         ; 2        ; RESERVED_INPUT ;        ;              ;         ; Column I/O ;                 ; no       ; Off          ;
; 55       ; 75         ; 2        ; RESERVED_INPUT ;        ;              ;         ; Column I/O ;                 ; no       ; Off          ;
; 56       ; 76         ; 2        ; RESERVED_INPUT ;        ;              ;         ; Column I/O ;                 ; no       ; Off          ;
; 57       ;            ; 2        ; VCCIO2         ; power  ;              ; 3.3V    ; --         ;                 ; --       ; --           ;
; 58       ; 77         ; 2        ; RESERVED_INPUT ;        ;              ;         ; Column I/O ;                 ; no       ; Off          ;
; 59       ; 78         ; 2        ; RESERVED_INPUT ;        ;              ;         ; Column I/O ;                 ; no       ; Off          ;
; 60       ; 79         ; 2        ; RESERVED_INPUT ;        ;              ;         ; Column I/O ;                 ; no       ; Off          ;
; 61       ; 80         ; 2        ; RESERVED_INPUT ;        ;              ;         ; Column I/O ;                 ; no       ; Off          ;
; 62       ; 81         ; 2        ; RESERVED_INPUT ;        ;              ;         ; Column I/O ;                 ; no       ; Off          ;
; 63       ; 82         ; 2        ; RESERVED_INPUT ;        ;              ;         ; Column I/O ;                 ; no       ; Off          ;
; 64       ; 1          ; 1        ; RESERVED_INPUT ;        ;              ;         ; Row I/O    ;                 ; no       ; Off          ;
+----------+------------+----------+----------------+--------+--------------+---------+------------+-----------------+----------+--------------+
Note: Pin directions (input, output or bidir) are based on device operating in user mode.


+-------------------------------------------------------------+
; Output Pin Default Load For Reported TCO                    ;
+----------------------------+-------+------------------------+
; I/O Standard               ; Load  ; Termination Resistance ;
+----------------------------+-------+------------------------+
; 3.3-V LVTTL                ; 10 pF ; Not Available          ;
; 3.3-V LVCMOS               ; 10 pF ; Not Available          ;
; 2.5 V                      ; 10 pF ; Not Available          ;
; 1.8 V                      ; 10 pF ; Not Available          ;
; 1.5 V                      ; 10 pF ; Not Available          ;
; 3.3V Schmitt Trigger Input ; 10 pF ; Not Available          ;
; 2.5V Schmitt Trigger Input ; 10 pF ; Not Available          ;
; 1.2 V                      ; 10 pF ; Not Available          ;
; LVDS_E_3R                  ; 10 pF ; Not Available          ;
; RSDS_E_3R                  ; 10 pF ; Not Available          ;
+----------------------------+-------+------------------------+
Note: User assignments will override these defaults. The user specified values are listed in the Output Pins and Bidir Pins tables.


+--------------------------------------------+
; I/O Assignment Warnings                    ;
+--------------+-----------------------------+
; Pin Name     ; Reason                      ;
+--------------+-----------------------------+
; CPLD_SPI_CLK ; Missing location assignment ;
; CPLD_SPI_MO  ; Missing location assignment ;
; CPLD_SPI_MI  ; Missing location assignment ;
+--------------+-----------------------------+


+----------------------------------------------------------------------------------------------------------------------------------------------------------------------------------------------------------------------------------------------------------------------------------------------------------------------------------------------+
; Fitter Resource Utilization by Entity                                                                                                                                                                                                                                                                                                        ;
+---------------------------------------------------------+-------------+--------------+------------+------+--------------+--------------+-------------------+------------------+-----------------+------------+-------------------------------------------------------------------------------------------+--------------------+--------------+
; Compilation Hierarchy Node                              ; Logic Cells ; LC Registers ; UFM Blocks ; Pins ; Virtual Pins ; LUT-Only LCs ; Register-Only LCs ; LUT/Register LCs ; Carry Chain LCs ; Packed LCs ; Full Hierarchy Name                                                                       ; Entity Name        ; Library Name ;
+---------------------------------------------------------+-------------+--------------+------------+------+--------------+--------------+-------------------+------------------+-----------------+------------+-------------------------------------------------------------------------------------------+--------------------+--------------+
; |basicfunctions                                         ; 136 (0)     ; 21           ; 1          ; 39   ; 0            ; 115 (0)      ; 14 (0)            ; 7 (0)            ; 21 (0)          ; 0 (0)      ; |basicfunctions                                                                           ; basicfunctions     ; work         ;
;    |Parallel2Serial:inst17|                             ; 102 (102)   ; 18           ; 0          ; 0    ; 0            ; 84 (84)      ; 14 (14)           ; 4 (4)            ; 11 (11)         ; 0 (0)      ; |basicfunctions|Parallel2Serial:inst17                                                    ; Parallel2Serial    ; work         ;
;    |ad7864Drv:inst13|                                   ; 31 (31)     ; 0            ; 0          ; 0    ; 0            ; 31 (31)      ; 0 (0)             ; 0 (0)            ; 7 (7)           ; 0 (0)      ; |basicfunctions|ad7864Drv:inst13                                                          ; ad7864Drv          ; work         ;
;    |cnter8Bits:inst|                                    ; 3 (0)       ; 3            ; 0          ; 0    ; 0            ; 0 (0)        ; 0 (0)             ; 3 (0)            ; 3 (0)           ; 0 (0)      ; |basicfunctions|cnter8Bits:inst                                                           ; cnter8Bits         ; work         ;
;       |lpm_counter:LPM_COUNTER_component|               ; 3 (0)       ; 3            ; 0          ; 0    ; 0            ; 0 (0)        ; 0 (0)             ; 3 (0)            ; 3 (0)           ; 0 (0)      ; |basicfunctions|cnter8Bits:inst|lpm_counter:LPM_COUNTER_component                         ; lpm_counter        ; work         ;
;          |cntr_p4h:auto_generated|                      ; 3 (3)       ; 3            ; 0          ; 0    ; 0            ; 0 (0)        ; 0 (0)             ; 3 (3)            ; 3 (3)           ; 0 (0)      ; |basicfunctions|cnter8Bits:inst|lpm_counter:LPM_COUNTER_component|cntr_p4h:auto_generated ; cntr_p4h           ; work         ;
;    |osc:inst5|                                          ; 0 (0)       ; 0            ; 1          ; 0    ; 0            ; 0 (0)        ; 0 (0)             ; 0 (0)            ; 0 (0)           ; 0 (0)      ; |basicfunctions|osc:inst5                                                                 ; osc                ; work         ;
;       |osc_altufm_osc_7v7:osc_altufm_osc_7v7_component| ; 0 (0)       ; 0            ; 1          ; 0    ; 0            ; 0 (0)        ; 0 (0)             ; 0 (0)            ; 0 (0)           ; 0 (0)      ; |basicfunctions|osc:inst5|osc_altufm_osc_7v7:osc_altufm_osc_7v7_component                 ; osc_altufm_osc_7v7 ; work         ;
+---------------------------------------------------------+-------------+--------------+------------+------+--------------+--------------+-------------------+------------------+-----------------+------------+-------------------------------------------------------------------------------------------+--------------------+--------------+
Note: For table entries with two numbers listed, the numbers in parentheses indicate the number of resources of the given type used by the specific entity alone. The numbers listed outside of parentheses indicate the total resources of the given type used by the specific entity and all of its sub-entities in the hierarchy.


+---------------------------------------------+
; Delay Chain Summary                         ;
+------------------+----------+---------------+
; Name             ; Pin Type ; Pad to Core 0 ;
+------------------+----------+---------------+
; DSPCLKOUT        ; Output   ; --            ;
; DSP_PWR_EN       ; Output   ; --            ;
; DSP_RST          ; Output   ; --            ;
; CPLD_EEPROM_CS   ; Output   ; --            ;
; CPLD_EEPROM_SCK  ; Output   ; --            ;
; CPLD_EEPROM_MOSI ; Output   ; --            ;
; DSP_EEPROM_MISO  ; Output   ; --            ;
; ADC_CONV         ; Output   ; --            ;
; ADC_RD           ; Output   ; --            ;
; CPLD_SPI_CLK     ; Output   ; --            ;
; CPLD_SPI_MO      ; Output   ; --            ;
; ADC_CLK          ; Output   ; --            ;
; AD_CS[3]         ; Output   ; --            ;
; AD_CS[2]         ; Output   ; --            ;
; AD_CS[1]         ; Output   ; --            ;
; AD_CS[0]         ; Output   ; --            ;
; CPLD_SPI_MI      ; Input    ; --            ;
; GPIO0            ; Bidir    ; 0             ;
; GPIO1            ; Bidir    ; 0             ;
; GPIO2            ; Bidir    ; 0             ;
; GPIO3            ; Bidir    ; 0             ;
; CLOCKPIN         ; Input    ; 0             ;
; DSP_EEPROM_CS    ; Input    ; 0             ;
; DSP_EEPROM_SCK   ; Input    ; 0             ;
; DSP_EEPROM_MOSI  ; Input    ; 0             ;
; CPLD_EEPROM_MISO ; Input    ; 0             ;
; DSP_CONV_PIN     ; Input    ; 0             ;
; ADC_DB_PIN[5]    ; Input    ; 0             ;
; ADC_DB_PIN[6]    ; Input    ; 0             ;
; ADC_DB_PIN[4]    ; Input    ; 0             ;
; ADC_DB_PIN[7]    ; Input    ; 0             ;
; ADC_DB_PIN[10]   ; Input    ; 0             ;
; ADC_DB_PIN[9]    ; Input    ; 0             ;
; ADC_DB_PIN[8]    ; Input    ; 0             ;
; ADC_DB_PIN[11]   ; Input    ; 0             ;
; ADC_DB_PIN[2]    ; Input    ; 0             ;
; ADC_DB_PIN[1]    ; Input    ; 0             ;
; ADC_DB_PIN[0]    ; Input    ; 0             ;
; ADC_DB_PIN[3]    ; Input    ; 0             ;
+------------------+----------+---------------+


+-------------------------------------------------------------------------------------------------------------------------------------------------------------------------------------+
; Control Signals                                                                                                                                                                     ;
+-------------------------------------------------------------------------------------+------------+---------+---------------------+--------+----------------------+------------------+
; Name                                                                                ; Location   ; Fan-Out ; Usage               ; Global ; Global Resource Used ; Global Line Name ;
+-------------------------------------------------------------------------------------+------------+---------+---------------------+--------+----------------------+------------------+
; CLOCKPIN                                                                            ; Unassigned ; 30      ; Clock, Latch enable ; no     ; --                   ; --               ;
; Parallel2Serial:inst17|always2~0                                                    ; Unassigned ; 12      ; Clock enable        ; no     ; --                   ; --               ;
; Parallel2Serial:inst17|cnter[0]~1                                                   ; Unassigned ; 7       ; Latch enable        ; no     ; --                   ; --               ;
; Parallel2Serial:inst17|enspi~17                                                     ; Unassigned ; 1       ; Latch enable        ; no     ; --                   ; --               ;
; Parallel2Serial:inst17|en~1                                                         ; Unassigned ; 1       ; Latch enable        ; no     ; --                   ; --               ;
; Parallel2Serial:inst17|rd_bar                                                       ; Unassigned ; 11      ; Latch enable        ; no     ; --                   ; --               ;
; Parallel2Serial:inst17|rd_bar~5                                                     ; Unassigned ; 1       ; Latch enable        ; no     ; --                   ; --               ;
; ad7864Drv:inst13|adcen~3                                                            ; Unassigned ; 1       ; Latch enable        ; no     ; --                   ; --               ;
; ad7864Drv:inst13|db_rdy~0                                                           ; Unassigned ; 1       ; Latch enable        ; no     ; --                   ; --               ;
; cnter8Bits:inst|lpm_counter:LPM_COUNTER_component|cntr_p4h:auto_generated|safe_q[2] ; Unassigned ; 10      ; Latch enable        ; no     ; --                   ; --               ;
+-------------------------------------------------------------------------------------+------------+---------+---------------------+--------+----------------------+------------------+


+--------------------------------------------------------------------+
; Fitter Device Options                                              ;
+----------------------------------------------+---------------------+
; Option                                       ; Setting             ;
+----------------------------------------------+---------------------+
; Enable user-supplied start-up clock (CLKUSR) ; Off                 ;
; Enable device-wide reset (DEV_CLRn)          ; Off                 ;
; Enable device-wide output enable (DEV_OE)    ; On                  ;
; Enable INIT_DONE output                      ; Off                 ;
; Configuration scheme                         ; Passive Serial      ;
; Reserve all unused pins                      ; As input tri-stated ;
+----------------------------------------------+---------------------+


+-----------------+
; Fitter Messages ;
+-----------------+
Warning (18236): Number of processors has not been specified which may cause overloading on shared machines.  Set the global assignment NUM_PARALLEL_PROCESSORS in your QSF to an appropriate value for best performance.
Info (20030): Parallel compilation is enabled and will use 4 of the 4 processors detected
Info (119006): Selected device 5M160ZE64C5 for design "basicfunctions"
Info (21077): Low junction temperature is 0 degrees C
Info (21077): High junction temperature is 85 degrees C
Info (171003): Fitter is performing an Auto Fit compilation, which may decrease Fitter effort to reduce compilation time
Warning (292013): Feature LogicLock is only available with a valid subscription license. You can purchase a software subscription to gain full access to this feature.
Info (176444): Device migration not selected. If you intend to use device migration later, you may need to change the pin assignments as they may be incompatible with other devices
    Info (176445): Device 5M80ZE64C5 is compatible
    Info (176445): Device 5M80ZE64I5 is compatible
    Info (176445): Device 5M160ZE64I5 is compatible
    Info (176445): Device 5M40ZE64C5 is compatible
    Info (176445): Device 5M40ZE64I5 is compatible
Info (169124): Fitter converted 1 user pins into dedicated programming pins
    Info (169125): Pin ~DIFFIO_B5p, DEV_OE~ is reserved at location 28
Error (169014): Cannot place node AD_CS[2] in location 31 because location already occupied by node AD_CS[3]
Error (169014): Cannot place node AD_CS[1] in location 31 because location already occupied by node AD_CS[3]
Error (169014): Cannot place node AD_CS[0] in location 31 because location already occupied by node AD_CS[3]
Critical Warning (169085): No exact pin location assignment(s) for 3 pins of 39 total pins. For the list of pins please refer to the I/O Assignment Warnings table in the fitter report.
Info (171121): Fitter preparation operations ending: elapsed time is 00:00:00
Error (171000): Can't fit design in device
Warning (169064): Following 4 pins have no output enable or a GND or VCC output enable - later changes to this connectivity may change fitting results
    Info (169065): Pin GPIO0 has a permanently enabled output enable
    Info (169065): Pin GPIO1 has a permanently disabled output enable
    Info (169065): Pin GPIO2 has a permanently enabled output enable
    Info (169065): Pin GPIO3 has a permanently disabled output enable
Error: Quartus Prime Fitter was unsuccessful. 4 errors, 4 warnings
    Error: Peak virtual memory: 4888 megabytes
    Error: Processing ended: Sun Sep 19 21:47:57 2021
    Error: Elapsed time: 00:00:02
    Error: Total CPU time (on all processors): 00:00:02


