EDA Netlist Writer report for basicfunctions
Tue Aug 31 09:51:42 2021
Quartus Prime Version 19.1.0 Build 670 09/22/2019 SJ Lite Edition


---------------------
; Table of Contents ;
---------------------
  1. Legal Notice
  2. EDA Netlist Writer Summary
  3. Simulation Settings
  4. Simulation Generated Files
  5. Board-Level Settings
  6. Board-Level Generated Files
  7. EDA Netlist Writer Messages



----------------
; Legal Notice ;
----------------
Copyright (C) 2019  Intel Corporation. All rights reserved.
Your use of Intel Corporation's design tools, logic functions 
and other software and tools, and any partner logic 
functions, and any output files from any of the foregoing 
(including device programming or simulation files), and any 
associated documentation or information are expressly subject 
to the terms and conditions of the Intel Program License 
Subscription Agreement, the Intel Quartus Prime License Agreement,
the Intel FPGA IP License Agreement, or other applicable license
agreement, including, without limitation, that your use is for
the sole purpose of programming logic devices manufactured by
Intel and sold by Intel or its authorized distributors.  Please
refer to the applicable agreement for further details, at
https://fpgasoftware.intel.com/eula.



+------------------------------------------------------------------------------+
; EDA Netlist Writer Summary                                                   ;
+--------------------------------------+---------------------------------------+
; EDA Netlist Writer Status            ; Successful - Tue Aug 31 09:51:42 2021 ;
; Revision Name                        ; basicfunctions                        ;
; Top-level Entity Name                ; basicfunctions                        ;
; Family                               ; MAX V                                 ;
; Simulation Files Creation            ; Successful                            ;
; Board Timing Analysis Files Creation ; Successful                            ;
+--------------------------------------+---------------------------------------+


+-------------------------------------------------------------------------------------------------------------------------------+
; Simulation Settings                                                                                                           ;
+---------------------------------------------------------------------------------------------------+---------------------------+
; Option                                                                                            ; Setting                   ;
+---------------------------------------------------------------------------------------------------+---------------------------+
; Tool Name                                                                                         ; ModelSim-Altera (Verilog) ;
; Generate functional simulation netlist                                                            ; On                        ;
; Truncate long hierarchy paths                                                                     ; Off                       ;
; Map illegal HDL characters                                                                        ; Off                       ;
; Flatten buses into individual nodes                                                               ; Off                       ;
; Maintain hierarchy                                                                                ; Off                       ;
; Bring out device-wide set/reset signals as ports                                                  ; Off                       ;
; Enable glitch filtering                                                                           ; Off                       ;
; Do not write top level VHDL entity                                                                ; Off                       ;
; Disable detection of setup and hold time violations in the input registers of bi-directional pins ; Off                       ;
; Architecture name in VHDL output netlist                                                          ; structure                 ;
; Generate third-party EDA tool command script for RTL functional simulation                        ; Off                       ;
; Generate third-party EDA tool command script for gate-level simulation                            ; Off                       ;
+---------------------------------------------------------------------------------------------------+---------------------------+


+------------------------------------------------------------------------------------------------------------------------+
; Simulation Generated Files                                                                                             ;
+------------------------------------------------------------------------------------------------------------------------+
; Generated Files                                                                                                        ;
+------------------------------------------------------------------------------------------------------------------------+
; D:/otherProjects/Beamforming/Beamforming_HW_TMS320VC5509A/FW/CPLD/basicfunctions/simulation/modelsim/basicfunctions.vo ;
+------------------------------------------------------------------------------------------------------------------------+


+----------------------------------------+
; Board-Level Settings                   ;
+------------------------------+---------+
; Option                       ; Setting ;
+------------------------------+---------+
; Board Timing Analysis Format ; STAMP   ;
+------------------------------+---------+


+-----------------------------------------------------------------------------------------------------------------------------------------------------------------------------------------------------------------------------------+
; Board-Level Generated Files                                                                                                                                                                                                       ;
+-----------------------------------------------------------------------------------------------------------------------------------------------------------------------------------------------------------------------------------+
; Generated Files                                                                                                                                                                                                                   ;
+-----------------------------------------------------------------------------------------------------------------------------------------------------------------------------------------------------------------------------------+
; Board Timing Analysis                                                                                                                                                                                                             ;
;     D:/otherProjects/Beamforming/Beamforming_HW_TMS320VC5509A/FW/CPLD/basicfunctions/timing/stamp/D:/otherProjects/Beamforming/Beamforming_HW_TMS320VC5509A/FW/CPLD/basicfunctions/timing/stamp//basicfunctions_5_board_slow.mod  ;
;     D:/otherProjects/Beamforming/Beamforming_HW_TMS320VC5509A/FW/CPLD/basicfunctions/timing/stamp/D:/otherProjects/Beamforming/Beamforming_HW_TMS320VC5509A/FW/CPLD/basicfunctions/timing/stamp//basicfunctions_5_board_slow.data ;
;     D:/otherProjects/Beamforming/Beamforming_HW_TMS320VC5509A/FW/CPLD/basicfunctions/timing/stamp/D:/otherProjects/Beamforming/Beamforming_HW_TMS320VC5509A/FW/CPLD/basicfunctions/timing/stamp//basicfunctions_board.mod         ;
;     D:/otherProjects/Beamforming/Beamforming_HW_TMS320VC5509A/FW/CPLD/basicfunctions/timing/stamp/D:/otherProjects/Beamforming/Beamforming_HW_TMS320VC5509A/FW/CPLD/basicfunctions/timing/stamp//basicfunctions_board.data        ;
+-----------------------------------------------------------------------------------------------------------------------------------------------------------------------------------------------------------------------------------+


+-----------------------------+
; EDA Netlist Writer Messages ;
+-----------------------------+
Info: *******************************************************************
Info: Running Quartus Prime EDA Netlist Writer
    Info: Version 19.1.0 Build 670 09/22/2019 SJ Lite Edition
    Info: Processing started: Tue Aug 31 09:51:41 2021
Info: Command: quartus_eda --read_settings_files=off --write_settings_files=off basicfunctions -c basicfunctions
Warning (18236): Number of processors has not been specified which may cause overloading on shared machines.  Set the global assignment NUM_PARALLEL_PROCESSORS in your QSF to an appropriate value for best performance.
Warning (202000): An incorrect timescale is selected for the Verilog Output (.VO) file of this PLL design. It's required that the timescale should be 1 ps when simulating a PLL design in a third party EDA tool.
Info (204019): Generated file basicfunctions.vo in folder "D:/otherProjects/Beamforming/Beamforming_HW_TMS320VC5509A/FW/CPLD/basicfunctions/simulation/modelsim/" for EDA simulation tool
Info (199047): Generated files "D:/otherProjects/Beamforming/Beamforming_HW_TMS320VC5509A/FW/CPLD/basicfunctions/timing/stamp//basicfunctions_5_board_slow.mod" and "D:/otherProjects/Beamforming/Beamforming_HW_TMS320VC5509A/FW/CPLD/basicfunctions/timing/stamp//basicfunctions_5_board_slow.data"
Info (199047): Generated files "D:/otherProjects/Beamforming/Beamforming_HW_TMS320VC5509A/FW/CPLD/basicfunctions/timing/stamp//basicfunctions_board.mod" and "D:/otherProjects/Beamforming/Beamforming_HW_TMS320VC5509A/FW/CPLD/basicfunctions/timing/stamp//basicfunctions_board.data"
Info: Quartus Prime EDA Netlist Writer was successful. 0 errors, 2 warnings
    Info: Peak virtual memory: 4620 megabytes
    Info: Processing ended: Tue Aug 31 09:51:42 2021
    Info: Elapsed time: 00:00:01
    Info: Total CPU time (on all processors): 00:00:01


