{ Using PSTWRITER 16.6.0 d001Feb-18-2021 at 20:11:48 }

#1 WARNING(ORCAP-36006): Part Name "HEADER 7X2_HDR254M-2X7_HEADER 7X2" is renamed to "HEADER 7X2_HDR254M-2X7_HEADER 7".
#2 WARNING(ORCAP-36006): Part Name "HEADER 20X2_HDR254M-2X20_HEADER 20X2" is renamed to "HEADER 20X2_HDR254M-2X20_HEADER".
#3 WARNING(ORCAP-36006): Part Name "HEADER 15X2_HDR254M-2X15_HEADER 15X2" is renamed to "HEADER 15X2_HDR254M-2X15_HEADER".
#4 WARNING(ORCAP-36006): Part Name "HEADER 5X2_HDR254M-2X5_HEADER 5X2" is renamed to "HEADER 5X2_HDR254M-2X5_HEADER 5".
#5 WARNING(ORCAP-36006): Part Name "USB_MINI_AB_RECEPTACLE_MICROQTJ_IO_USB_MICROAB_RECEPTACLE" is renamed to "USB_MINI_AB_RECEPTACLE_MICROQTJ".
#6 WARNING(ORCAP-36006): Part Name "BEAD FERRITE_RES0603_BEAD FERRITE" is renamed to "BEAD FERRITE_RES0603_BEAD FERRI".
#7 WARNING(ORCAP-36006): Part Name "SW_TC_SPST_SPST_BUTTON_SW_TC_SPST" is renamed to "SW_TC_SPST_SPST_BUTTON_SW_TC_SP".
#8 WARNING(ORCAP-36006): Part Name "5M40ZE64C5N_2_QFP40P900X900X120-65N_5M40ZE64C5N" is renamed to "5M40ZE64C5N_2_QFP40P900X900X120".
#9 WARNING(ORCAP-36006): Part Name "TMS340VC5509APGE_QFP50P2200X2200X160-144N_TMS320VC5509APGE" is renamed to "TMS340VC5509APGE_QFP50P2200X220".
#10 WARNING(ORCAP-36006): Part Name "STWD100NYWY3F_STWD100_STWD100NYWY3F" is renamed to "STWD100NYWY3F_STWD100_STWD100NY".
#11 WARNING(ORCAP-36006): Part Name "MT48LC8M8A2_TSOP80P1175X120-54_IC_MT48LC8M8A2" is renamed to "MT48LC8M8A2_TSOP80P1175X120-54_".
#12 WARNING(ORCAP-36006): Part Name "AT25256B_SOIC127P600X175-8_AT25256B" is renamed to "AT25256B_SOIC127P600X175-8_AT25".
#13 WARNING(ORCAP-36006): Part Name "CRYSTAL_1_32768KHZCRYSTAL_32768HZ" is renamed to "CRYSTAL_1_32768KHZCRYSTAL_32768".
#14 WARNING(ORCAP-36006): Part Name "CRYSTAL_0_OSCCC250X320X100_OSCILLATOR 24MHZ" is renamed to "CRYSTAL_0_OSCCC250X320X100_OSCI".
INFO(ORCAP-36080): Scanning netlist files ...

Loading... D:\XIADO\PROJECT\SOMEPROJECT\BEAMFORMING\BEAMFORMING_HW_TMS320VC5509A\SCHEMATICPCB\allegro/pstchip.dat

Loading... D:\XIADO\PROJECT\SOMEPROJECT\BEAMFORMING\BEAMFORMING_HW_TMS320VC5509A\SCHEMATICPCB\allegro/pstchip.dat

Loading... D:\XIADO\PROJECT\SOMEPROJECT\BEAMFORMING\BEAMFORMING_HW_TMS320VC5509A\SCHEMATICPCB\allegro/pstxprt.dat

Loading... D:\XIADO\PROJECT\SOMEPROJECT\BEAMFORMING\BEAMFORMING_HW_TMS320VC5509A\SCHEMATICPCB\allegro/pstxnet.dat
packaging the design view...