Analysis & Synthesis report for cpld_beamforming_top
Sat Mar 27 01:24:10 2021
Quartus Prime Version 20.1.1 Build 720 11/11/2020 SJ Lite Edition


---------------------
; Table of Contents ;
---------------------
  1. Legal Notice
  2. Analysis & Synthesis Summary
  3. Analysis & Synthesis Settings
  4. Parallel Compilation
  5. Analysis & Synthesis Source Files Read
  6. Analysis & Synthesis Resource Usage Summary
  7. Analysis & Synthesis Resource Utilization by Entity
  8. Analysis & Synthesis IP Cores Summary
  9. Registers Removed During Synthesis
 10. Removed Registers Triggering Further Register Optimizations
 11. General Register Statistics
 12. Parameter Settings for User Entity Instance: counter:inst2|lpm_counter:LPM_COUNTER_component
 13. Analysis & Synthesis Messages



----------------
; Legal Notice ;
----------------
Copyright (C) 2020  Intel Corporation. All rights reserved.
Your use of Intel Corporation's design tools, logic functions 
and other software and tools, and any partner logic 
functions, and any output files from any of the foregoing 
(including device programming or simulation files), and any 
associated documentation or information are expressly subject 
to the terms and conditions of the Intel Program License 
Subscription Agreement, the Intel Quartus Prime License Agreement,
the Intel FPGA IP License Agreement, or other applicable license
agreement, including, without limitation, that your use is for
the sole purpose of programming logic devices manufactured by
Intel and sold by Intel or its authorized distributors.  Please
refer to the applicable agreement for further details, at
https://fpgasoftware.intel.com/eula.



+---------------------------------------------------------------------------+
; Analysis & Synthesis Summary                                              ;
+-----------------------------+---------------------------------------------+
; Analysis & Synthesis Status ; Successful - Sat Mar 27 01:24:10 2021       ;
; Quartus Prime Version       ; 20.1.1 Build 720 11/11/2020 SJ Lite Edition ;
; Revision Name               ; cpld_beamforming_top                        ;
; Top-level Entity Name       ; cpld_beamforming_top                        ;
; Family                      ; MAX V                                       ;
; Total logic elements        ; 0                                           ;
; Total pins                  ; 37                                          ;
; Total virtual pins          ; 0                                           ;
; UFM blocks                  ; 0 / 1 ( 0 % )                               ;
+-----------------------------+---------------------------------------------+


+----------------------------------------------------------------------------------------------------------------+
; Analysis & Synthesis Settings                                                                                  ;
+------------------------------------------------------------------+----------------------+----------------------+
; Option                                                           ; Setting              ; Default Value        ;
+------------------------------------------------------------------+----------------------+----------------------+
; Device                                                           ; 5M40ZE64C5           ;                      ;
; Top-level entity name                                            ; cpld_beamforming_top ; cpld_beamforming_top ;
; Family name                                                      ; MAX V                ; Cyclone V            ;
; Use smart compilation                                            ; Off                  ; Off                  ;
; Enable parallel Assembler and Timing Analyzer during compilation ; On                   ; On                   ;
; Enable compact report table                                      ; Off                  ; Off                  ;
; Restructure Multiplexers                                         ; Auto                 ; Auto                 ;
; Create Debugging Nodes for IP Cores                              ; Off                  ; Off                  ;
; Preserve fewer node names                                        ; On                   ; On                   ;
; Intel FPGA IP Evaluation Mode                                    ; Enable               ; Enable               ;
; Verilog Version                                                  ; Verilog_2001         ; Verilog_2001         ;
; VHDL Version                                                     ; VHDL_1993            ; VHDL_1993            ;
; State Machine Processing                                         ; Auto                 ; Auto                 ;
; Safe State Machine                                               ; Off                  ; Off                  ;
; Extract Verilog State Machines                                   ; On                   ; On                   ;
; Extract VHDL State Machines                                      ; On                   ; On                   ;
; Ignore Verilog initial constructs                                ; Off                  ; Off                  ;
; Iteration limit for constant Verilog loops                       ; 5000                 ; 5000                 ;
; Iteration limit for non-constant Verilog loops                   ; 250                  ; 250                  ;
; Add Pass-Through Logic to Inferred RAMs                          ; On                   ; On                   ;
; Infer RAMs from Raw Logic                                        ; On                   ; On                   ;
; Parallel Synthesis                                               ; On                   ; On                   ;
; NOT Gate Push-Back                                               ; On                   ; On                   ;
; Power-Up Don't Care                                              ; On                   ; On                   ;
; Remove Redundant Logic Cells                                     ; Off                  ; Off                  ;
; Remove Duplicate Registers                                       ; On                   ; On                   ;
; Ignore CARRY Buffers                                             ; Off                  ; Off                  ;
; Ignore CASCADE Buffers                                           ; Off                  ; Off                  ;
; Ignore GLOBAL Buffers                                            ; Off                  ; Off                  ;
; Ignore ROW GLOBAL Buffers                                        ; Off                  ; Off                  ;
; Ignore LCELL Buffers                                             ; Off                  ; Off                  ;
; Ignore SOFT Buffers                                              ; On                   ; On                   ;
; Limit AHDL Integers to 32 Bits                                   ; Off                  ; Off                  ;
; Optimization Technique                                           ; Balanced             ; Balanced             ;
; Carry Chain Length                                               ; 70                   ; 70                   ;
; Auto Carry Chains                                                ; On                   ; On                   ;
; Auto Open-Drain Pins                                             ; On                   ; On                   ;
; Perform WYSIWYG Primitive Resynthesis                            ; Off                  ; Off                  ;
; Auto Shift Register Replacement                                  ; Auto                 ; Auto                 ;
; Allow Shift Register Merging across Hierarchies                  ; Auto                 ; Auto                 ;
; Auto Clock Enable Replacement                                    ; On                   ; On                   ;
; Allow Synchronous Control Signals                                ; On                   ; On                   ;
; Force Use of Synchronous Clear Signals                           ; Off                  ; Off                  ;
; Auto Resource Sharing                                            ; Off                  ; Off                  ;
; Use LogicLock Constraints during Resource Balancing              ; On                   ; On                   ;
; Ignore translate_off and synthesis_off directives                ; Off                  ; Off                  ;
; Report Parameter Settings                                        ; On                   ; On                   ;
; Report Source Assignments                                        ; On                   ; On                   ;
; Report Connectivity Checks                                       ; On                   ; On                   ;
; Ignore Maximum Fan-Out Assignments                               ; Off                  ; Off                  ;
; Synchronization Register Chain Length                            ; 2                    ; 2                    ;
; Power Optimization During Synthesis                              ; Normal compilation   ; Normal compilation   ;
; HDL message level                                                ; Level2               ; Level2               ;
; Suppress Register Optimization Related Messages                  ; Off                  ; Off                  ;
; Number of Removed Registers Reported in Synthesis Report         ; 5000                 ; 5000                 ;
; Number of Swept Nodes Reported in Synthesis Report               ; 5000                 ; 5000                 ;
; Number of Inverted Registers Reported in Synthesis Report        ; 100                  ; 100                  ;
; Clock MUX Protection                                             ; On                   ; On                   ;
; Block Design Naming                                              ; Auto                 ; Auto                 ;
; Synthesis Effort                                                 ; Auto                 ; Auto                 ;
; Shift Register Replacement - Allow Asynchronous Clear Signal     ; On                   ; On                   ;
; Analysis & Synthesis Message Level                               ; Medium               ; Medium               ;
; Disable Register Merging Across Hierarchies                      ; Auto                 ; Auto                 ;
+------------------------------------------------------------------+----------------------+----------------------+


+------------------------------------------+
; Parallel Compilation                     ;
+----------------------------+-------------+
; Processors                 ; Number      ;
+----------------------------+-------------+
; Number detected on machine ; 4           ;
; Maximum allowed            ; 4           ;
;                            ;             ;
; Average used               ; 1.00        ;
; Maximum used               ; 1           ;
;                            ;             ;
; Usage by Processor         ; % Time Used ;
;     Processor 1            ; 100.0%      ;
+----------------------------+-------------+


+----------------------------------------------------------------------------------------------------------------------------------------------------------------------------------------------------+
; Analysis & Synthesis Source Files Read                                                                                                                                                             ;
+----------------------------------+-----------------+------------------------------------+------------------------------------------------------------------------------------------------+---------+
; File Name with User-Entered Path ; Used in Netlist ; File Type                          ; File Name with Absolute Path                                                                   ; Library ;
+----------------------------------+-----------------+------------------------------------+------------------------------------------------------------------------------------------------+---------+
; cpld_beamforming_top.bdf         ; yes             ; User Block Diagram/Schematic File  ; /home/dary/Documents/Beamforming/Beamforming_HW_TMS320VC5509A/FW/CPLD/cpld_beamforming_top.bdf ;         ;
; AD7864.v                         ; yes             ; User Verilog HDL File              ; /home/dary/Documents/Beamforming/Beamforming_HW_TMS320VC5509A/FW/CPLD/AD7864.v                 ;         ;
; pwrctr.v                         ; yes             ; User Verilog HDL File              ; /home/dary/Documents/Beamforming/Beamforming_HW_TMS320VC5509A/FW/CPLD/pwrctr.v                 ;         ;
; counter.v                        ; yes             ; User Wizard-Generated File         ; /home/dary/Documents/Beamforming/Beamforming_HW_TMS320VC5509A/FW/CPLD/counter.v                ;         ;
; lpm_counter.tdf                  ; yes             ; Megafunction                       ; /home/dary/intelFPGA_lite/20.1/quartus/libraries/megafunctions/lpm_counter.tdf                 ;         ;
; lpm_constant.inc                 ; yes             ; Megafunction                       ; /home/dary/intelFPGA_lite/20.1/quartus/libraries/megafunctions/lpm_constant.inc                ;         ;
; lpm_decode.inc                   ; yes             ; Megafunction                       ; /home/dary/intelFPGA_lite/20.1/quartus/libraries/megafunctions/lpm_decode.inc                  ;         ;
; lpm_add_sub.inc                  ; yes             ; Megafunction                       ; /home/dary/intelFPGA_lite/20.1/quartus/libraries/megafunctions/lpm_add_sub.inc                 ;         ;
; cmpconst.inc                     ; yes             ; Megafunction                       ; /home/dary/intelFPGA_lite/20.1/quartus/libraries/megafunctions/cmpconst.inc                    ;         ;
; lpm_compare.inc                  ; yes             ; Megafunction                       ; /home/dary/intelFPGA_lite/20.1/quartus/libraries/megafunctions/lpm_compare.inc                 ;         ;
; lpm_counter.inc                  ; yes             ; Megafunction                       ; /home/dary/intelFPGA_lite/20.1/quartus/libraries/megafunctions/lpm_counter.inc                 ;         ;
; dffeea.inc                       ; yes             ; Megafunction                       ; /home/dary/intelFPGA_lite/20.1/quartus/libraries/megafunctions/dffeea.inc                      ;         ;
; alt_counter_stratix.inc          ; yes             ; Megafunction                       ; /home/dary/intelFPGA_lite/20.1/quartus/libraries/megafunctions/alt_counter_stratix.inc         ;         ;
; aglobal201.inc                   ; yes             ; Megafunction                       ; /home/dary/intelFPGA_lite/20.1/quartus/libraries/megafunctions/aglobal201.inc                  ;         ;
; db/cntr_p4h.tdf                  ; yes             ; Auto-Generated Megafunction        ; /home/dary/Documents/Beamforming/Beamforming_HW_TMS320VC5509A/FW/CPLD/db/cntr_p4h.tdf          ;         ;
+----------------------------------+-----------------+------------------------------------+------------------------------------------------------------------------------------------------+---------+


+--------------------------------------------------------------+
; Analysis & Synthesis Resource Usage Summary                  ;
+---------------------------------------------+----------------+
; Resource                                    ; Usage          ;
+---------------------------------------------+----------------+
; Total logic elements                        ; 0              ;
;     -- Combinational with no register       ; 0              ;
;     -- Register only                        ; 0              ;
;     -- Combinational with a register        ; 0              ;
;                                             ;                ;
; Logic element usage by number of LUT inputs ;                ;
;     -- 4 input functions                    ; 0              ;
;     -- 3 input functions                    ; 0              ;
;     -- 2 input functions                    ; 0              ;
;     -- 1 input functions                    ; 0              ;
;     -- 0 input functions                    ; 0              ;
;                                             ;                ;
; Logic elements by mode                      ;                ;
;     -- normal mode                          ; 0              ;
;     -- arithmetic mode                      ; 0              ;
;     -- qfbk mode                            ; 0              ;
;     -- register cascade mode                ; 0              ;
;     -- synchronous clear/load mode          ; 0              ;
;     -- asynchronous clear/load mode         ; 0              ;
;                                             ;                ;
; Total registers                             ; 0              ;
; I/O pins                                    ; 37             ;
; Maximum fan-out node                        ; CPLD_CONN_IO18 ;
; Maximum fan-out                             ; 4              ;
; Total fan-out                               ; 8              ;
; Average fan-out                             ; 0.22           ;
+---------------------------------------------+----------------+


+-----------------------------------------------------------------------------------------------------------------------------------------------------------------------------------------------------------------------------------------------+
; Analysis & Synthesis Resource Utilization by Entity                                                                                                                                                                                           ;
+----------------------------+-------------+--------------+------------+------+--------------+--------------+-------------------+------------------+-----------------+------------+-----------------------+----------------------+--------------+
; Compilation Hierarchy Node ; Logic Cells ; LC Registers ; UFM Blocks ; Pins ; Virtual Pins ; LUT-Only LCs ; Register-Only LCs ; LUT/Register LCs ; Carry Chain LCs ; Packed LCs ; Full Hierarchy Name   ; Entity Name          ; Library Name ;
+----------------------------+-------------+--------------+------------+------+--------------+--------------+-------------------+------------------+-----------------+------------+-----------------------+----------------------+--------------+
; |cpld_beamforming_top      ; 0 (0)       ; 0            ; 0          ; 37   ; 0            ; 0 (0)        ; 0 (0)             ; 0 (0)            ; 0 (0)           ; 0 (0)      ; |cpld_beamforming_top ; cpld_beamforming_top ; work         ;
+----------------------------+-------------+--------------+------------+------+--------------+--------------+-------------------+------------------+-----------------+------------+-----------------------+----------------------+--------------+
Note: For table entries with two numbers listed, the numbers in parentheses indicate the number of resources of the given type used by the specific entity alone. The numbers listed outside of parentheses indicate the total resources of the given type used by the specific entity and all of its sub-entities in the hierarchy.


+-----------------------------------------------------------------------------------------------------------------------+
; Analysis & Synthesis IP Cores Summary                                                                                 ;
+--------+--------------+---------+--------------+--------------+-------------------------------------+-----------------+
; Vendor ; IP Core Name ; Version ; Release Date ; License Type ; Entity Instance                     ; IP Include File ;
+--------+--------------+---------+--------------+--------------+-------------------------------------+-----------------+
; Altera ; LPM_COUNTER  ; 20.1    ; N/A          ; N/A          ; |cpld_beamforming_top|counter:inst2 ; counter.v       ;
+--------+--------------+---------+--------------+--------------+-------------------------------------+-----------------+


+-------------------------------------------------------------------------------------------------------------------------------+
; Registers Removed During Synthesis                                                                                            ;
+--------------------------------------------------------------------------------------+----------------------------------------+
; Register name                                                                        ; Reason for Removal                     ;
+--------------------------------------------------------------------------------------+----------------------------------------+
; pwrctr:inst3|highreg                                                                 ; Stuck at VCC due to stuck port data_in ;
; counter:inst2|lpm_counter:LPM_COUNTER_component|cntr_p4h:auto_generated|safe_q[0..7] ; Lost fanout                            ;
; Total Number of Removed Registers = 9                                                ;                                        ;
+--------------------------------------------------------------------------------------+----------------------------------------+


+--------------------------------------------------------------------------------------------------------------------------------------+
; Removed Registers Triggering Further Register Optimizations                                                                          ;
+----------------------+---------------------------+-----------------------------------------------------------------------------------+
; Register name        ; Reason for Removal        ; Registers Removed due to This Register                                            ;
+----------------------+---------------------------+-----------------------------------------------------------------------------------+
; pwrctr:inst3|highreg ; Stuck at VCC              ; counter:inst2|lpm_counter:LPM_COUNTER_component|cntr_p4h:auto_generated|safe_q[7] ;
;                      ; due to stuck port data_in ;                                                                                   ;
+----------------------+---------------------------+-----------------------------------------------------------------------------------+


+------------------------------------------------------+
; General Register Statistics                          ;
+----------------------------------------------+-------+
; Statistic                                    ; Value ;
+----------------------------------------------+-------+
; Total registers                              ; 0     ;
; Number of registers using Synchronous Clear  ; 0     ;
; Number of registers using Synchronous Load   ; 0     ;
; Number of registers using Asynchronous Clear ; 0     ;
; Number of registers using Asynchronous Load  ; 0     ;
; Number of registers using Clock Enable       ; 0     ;
; Number of registers using Preset             ; 0     ;
+----------------------------------------------+-------+


+----------------------------------------------------------------------------------------------+
; Parameter Settings for User Entity Instance: counter:inst2|lpm_counter:LPM_COUNTER_component ;
+------------------------+-------------+-------------------------------------------------------+
; Parameter Name         ; Value       ; Type                                                  ;
+------------------------+-------------+-------------------------------------------------------+
; AUTO_CARRY_CHAINS      ; ON          ; AUTO_CARRY                                            ;
; IGNORE_CARRY_BUFFERS   ; OFF         ; IGNORE_CARRY                                          ;
; AUTO_CASCADE_CHAINS    ; ON          ; AUTO_CASCADE                                          ;
; IGNORE_CASCADE_BUFFERS ; OFF         ; IGNORE_CASCADE                                        ;
; LPM_WIDTH              ; 8           ; Signed Integer                                        ;
; LPM_DIRECTION          ; UP          ; Untyped                                               ;
; LPM_MODULUS            ; 0           ; Untyped                                               ;
; LPM_AVALUE             ; UNUSED      ; Untyped                                               ;
; LPM_SVALUE             ; UNUSED      ; Untyped                                               ;
; LPM_PORT_UPDOWN        ; PORT_UNUSED ; Untyped                                               ;
; DEVICE_FAMILY          ; MAX V       ; Untyped                                               ;
; CARRY_CHAIN            ; MANUAL      ; Untyped                                               ;
; CARRY_CHAIN_LENGTH     ; 48          ; CARRY_CHAIN_LENGTH                                    ;
; NOT_GATE_PUSH_BACK     ; ON          ; NOT_GATE_PUSH_BACK                                    ;
; CARRY_CNT_EN           ; SMART       ; Untyped                                               ;
; LABWIDE_SCLR           ; ON          ; Untyped                                               ;
; USE_NEW_VERSION        ; TRUE        ; Untyped                                               ;
; CBXI_PARAMETER         ; cntr_p4h    ; Untyped                                               ;
+------------------------+-------------+-------------------------------------------------------+
Note: In order to hide this table in the UI and the text report file, please set the "Show Parameter Settings in Synthesis Report" option in "Analysis and Synthesis Settings -> More Settings" to "Off".


+-------------------------------+
; Analysis & Synthesis Messages ;
+-------------------------------+
Info: *******************************************************************
Info: Running Quartus Prime Analysis & Synthesis
    Info: Version 20.1.1 Build 720 11/11/2020 SJ Lite Edition
    Info: Processing started: Sat Mar 27 01:24:03 2021
Info: Command: quartus_map --read_settings_files=on --write_settings_files=off cpld_beamforming -c cpld_beamforming_top
Warning (18236): Number of processors has not been specified which may cause overloading on shared machines.  Set the global assignment NUM_PARALLEL_PROCESSORS in your QSF to an appropriate value for best performance.
Info (20030): Parallel compilation is enabled and will use 4 of the 4 processors detected
Info (12021): Found 1 design units, including 1 entities, in source file cpld_beamforming_top.bdf
    Info (12023): Found entity 1: cpld_beamforming_top
Info (12021): Found 1 design units, including 1 entities, in source file AD7864.v
    Info (12023): Found entity 1: ad7864 File: /home/dary/Documents/Beamforming/Beamforming_HW_TMS320VC5509A/FW/CPLD/AD7864.v Line: 8
Info (12021): Found 1 design units, including 1 entities, in source file pwrctr.v
    Info (12023): Found entity 1: pwrctr File: /home/dary/Documents/Beamforming/Beamforming_HW_TMS320VC5509A/FW/CPLD/pwrctr.v Line: 8
Info (12021): Found 1 design units, including 1 entities, in source file i2cmodule.v
    Info (12023): Found entity 1: i2cmodule File: /home/dary/Documents/Beamforming/Beamforming_HW_TMS320VC5509A/FW/CPLD/i2cmodule.v Line: 8
Info (12021): Found 1 design units, including 1 entities, in source file counter.v
    Info (12023): Found entity 1: counter File: /home/dary/Documents/Beamforming/Beamforming_HW_TMS320VC5509A/FW/CPLD/counter.v Line: 40
Info (12127): Elaborating entity "cpld_beamforming_top" for the top level hierarchy
Info (12128): Elaborating entity "ad7864" for hierarchy "ad7864:inst"
Warning (10034): Output port "spi_clk" at AD7864.v(25) has no driver File: /home/dary/Documents/Beamforming/Beamforming_HW_TMS320VC5509A/FW/CPLD/AD7864.v Line: 25
Warning (10034): Output port "spi_mosi" at AD7864.v(26) has no driver File: /home/dary/Documents/Beamforming/Beamforming_HW_TMS320VC5509A/FW/CPLD/AD7864.v Line: 26
Warning (10034): Output port "spi_cs" at AD7864.v(27) has no driver File: /home/dary/Documents/Beamforming/Beamforming_HW_TMS320VC5509A/FW/CPLD/AD7864.v Line: 27
Info (12128): Elaborating entity "pwrctr" for hierarchy "pwrctr:inst3"
Info (12128): Elaborating entity "counter" for hierarchy "counter:inst2"
Info (12128): Elaborating entity "lpm_counter" for hierarchy "counter:inst2|lpm_counter:LPM_COUNTER_component" File: /home/dary/Documents/Beamforming/Beamforming_HW_TMS320VC5509A/FW/CPLD/counter.v Line: 65
Info (12130): Elaborated megafunction instantiation "counter:inst2|lpm_counter:LPM_COUNTER_component" File: /home/dary/Documents/Beamforming/Beamforming_HW_TMS320VC5509A/FW/CPLD/counter.v Line: 65
Info (12133): Instantiated megafunction "counter:inst2|lpm_counter:LPM_COUNTER_component" with the following parameter: File: /home/dary/Documents/Beamforming/Beamforming_HW_TMS320VC5509A/FW/CPLD/counter.v Line: 65
    Info (12134): Parameter "lpm_direction" = "UP"
    Info (12134): Parameter "lpm_port_updown" = "PORT_UNUSED"
    Info (12134): Parameter "lpm_type" = "LPM_COUNTER"
    Info (12134): Parameter "lpm_width" = "8"
Info (12021): Found 1 design units, including 1 entities, in source file db/cntr_p4h.tdf
    Info (12023): Found entity 1: cntr_p4h File: /home/dary/Documents/Beamforming/Beamforming_HW_TMS320VC5509A/FW/CPLD/db/cntr_p4h.tdf Line: 26
Info (12128): Elaborating entity "cntr_p4h" for hierarchy "counter:inst2|lpm_counter:LPM_COUNTER_component|cntr_p4h:auto_generated" File: /home/dary/intelFPGA_lite/20.1/quartus/libraries/megafunctions/lpm_counter.tdf Line: 259
Warning (13039): The following bidirectional pins have no drivers
    Warning (13040): bidirectional pin "CPLD_CONN_IO" has no driver
    Warning (13040): bidirectional pin "CPLD_CONN_IO" has no driver
    Warning (13040): bidirectional pin "CPLD_CONN_IO" has no driver
    Warning (13040): bidirectional pin "CPLD_CONN_IO" has no driver
    Warning (13040): bidirectional pin "CPLD_CONN_IO" has no driver
    Warning (13040): bidirectional pin "CPLD_CONN_IO" has no driver
    Warning (13040): bidirectional pin "CPLD_CONN_IO" has no driver
    Warning (13040): bidirectional pin "CPLD_CONN_IO" has no driver
    Warning (13040): bidirectional pin "CPLD_CONN_IO" has no driver
    Warning (13040): bidirectional pin "CPLD_CONN_IO" has no driver
    Warning (13040): bidirectional pin "CPLD_CONN_IO" has no driver
    Warning (13040): bidirectional pin "CPLD_CONN_IO" has no driver
Warning (13024): Output pins are stuck at VCC or GND
    Warning (13410): Pin "CPLD_CONN_IO2" is stuck at GND
    Warning (13410): Pin "CPLD_CONN_IO15" is stuck at VCC
    Warning (13410): Pin "DSP_PWR_EN" is stuck at VCC
    Warning (13410): Pin "CPLD_IO13" is stuck at GND
    Warning (13410): Pin "CPLD_IO14" is stuck at GND
    Warning (13410): Pin "CPLD_IO15" is stuck at GND
    Warning (13410): Pin "DSP_BOOT[3]" is stuck at VCC
    Warning (13410): Pin "DSP_BOOT[2]" is stuck at GND
    Warning (13410): Pin "DSP_BOOT[1]" is stuck at GND
    Warning (13410): Pin "DSP_BOOT[0]" is stuck at VCC
Info (17049): 8 registers lost all their fanouts during netlist optimizations.
Warning (21074): Design contains 2 input pin(s) that do not drive logic
    Warning (15610): No output dependent on input pin "CPLD_CLKIN"
    Warning (15610): No output dependent on input pin "CPLD_IO16"
Info (21057): Implemented 37 device resources after synthesis - the final resource count might be different
    Info (21058): Implemented 7 input pins
    Info (21059): Implemented 18 output pins
    Info (21060): Implemented 12 bidirectional pins
Info: Quartus Prime Analysis & Synthesis was successful. 0 errors, 31 warnings
    Info: Peak virtual memory: 373 megabytes
    Info: Processing ended: Sat Mar 27 01:24:10 2021
    Info: Elapsed time: 00:00:07
    Info: Total CPU time (on all processors): 00:00:17


