Flow report for cpld_beamforming_top
Sun Mar 28 18:35:27 2021
Quartus Prime Version 20.1.1 Build 720 11/11/2020 SJ Lite Edition


---------------------
; Table of Contents ;
---------------------
  1. Legal Notice
  2. Flow Summary
  3. Flow Settings
  4. Flow Non-Default Global Settings
  5. Flow Elapsed Time
  6. Flow OS Summary
  7. Flow Log
  8. Flow Messages
  9. Flow Suppressed Messages



----------------
; Legal Notice ;
----------------
Copyright (C) 2020  Intel Corporation. All rights reserved.
Your use of Intel Corporation's design tools, logic functions 
and other software and tools, and any partner logic 
functions, and any output files from any of the foregoing 
(including device programming or simulation files), and any 
associated documentation or information are expressly subject 
to the terms and conditions of the Intel Program License 
Subscription Agreement, the Intel Quartus Prime License Agreement,
the Intel FPGA IP License Agreement, or other applicable license
agreement, including, without limitation, that your use is for
the sole purpose of programming logic devices manufactured by
Intel and sold by Intel or its authorized distributors.  Please
refer to the applicable agreement for further details, at
https://fpgasoftware.intel.com/eula.



+---------------------------------------------------------------------+
; Flow Summary                                                        ;
+-----------------------+---------------------------------------------+
; Flow Status           ; Successful - Sun Mar 28 18:35:27 2021       ;
; Quartus Prime Version ; 20.1.1 Build 720 11/11/2020 SJ Lite Edition ;
; Revision Name         ; cpld_beamforming_top                        ;
; Top-level Entity Name ; cpld_beamforming_top                        ;
; Family                ; MAX V                                       ;
; Device                ; 5M40ZE64C5                                  ;
; Timing Models         ; Final                                       ;
; Total logic elements  ; 0 / 40 ( 0 % )                              ;
; Total pins            ; 37 / 54 ( 69 % )                            ;
; Total virtual pins    ; 0                                           ;
; UFM blocks            ; 0 / 1 ( 0 % )                               ;
+-----------------------+---------------------------------------------+


+------------------------------------------+
; Flow Settings                            ;
+-------------------+----------------------+
; Option            ; Setting              ;
+-------------------+----------------------+
; Start date & time ; 03/28/2021 18:35:03  ;
; Main task         ; Compilation          ;
; Revision Name     ; cpld_beamforming_top ;
+-------------------+----------------------+


+------------------------------------------------------------------------------------------------------------------------------------+
; Flow Non-Default Global Settings                                                                                                   ;
+---------------------------------+--------------------------------+---------------+-------------+-----------------------------------+
; Assignment Name                 ; Value                          ; Default Value ; Entity Name ; Section Id                        ;
+---------------------------------+--------------------------------+---------------+-------------+-----------------------------------+
; COMPILER_SIGNATURE_ID           ; 88147557978092.161696730303182 ; --            ; --          ; --                                ;
; EDA_GENERATE_FUNCTIONAL_NETLIST ; Off                            ; --            ; --          ; eda_board_design_timing           ;
; EDA_GENERATE_FUNCTIONAL_NETLIST ; Off                            ; --            ; --          ; eda_board_design_boundary_scan    ;
; EDA_GENERATE_FUNCTIONAL_NETLIST ; Off                            ; --            ; --          ; eda_board_design_signal_integrity ;
; EDA_GENERATE_FUNCTIONAL_NETLIST ; Off                            ; --            ; --          ; eda_board_design_symbol           ;
; EDA_OUTPUT_DATA_FORMAT          ; Verilog Hdl                    ; --            ; --          ; eda_simulation                    ;
; EDA_SIMULATION_TOOL             ; ModelSim-Altera (Verilog)      ; <None>        ; --          ; --                                ;
; EDA_TIME_SCALE                  ; 1 ps                           ; --            ; --          ; eda_simulation                    ;
; MAX_CORE_JUNCTION_TEMP          ; 85                             ; --            ; --          ; --                                ;
; MIN_CORE_JUNCTION_TEMP          ; 0                              ; --            ; --          ; --                                ;
; MISC_FILE                       ; counter.bsf                    ; --            ; --          ; --                                ;
; MISC_FILE                       ; counter_bb.v                   ; --            ; --          ; --                                ;
; PROJECT_OUTPUT_DIRECTORY        ; output_files                   ; --            ; --          ; --                                ;
+---------------------------------+--------------------------------+---------------+-------------+-----------------------------------+


+--------------------------------------------------------------------------------------------------------------------------+
; Flow Elapsed Time                                                                                                        ;
+----------------------+--------------+-------------------------+---------------------+------------------------------------+
; Module Name          ; Elapsed Time ; Average Processors Used ; Peak Virtual Memory ; Total CPU Time (on all processors) ;
+----------------------+--------------+-------------------------+---------------------+------------------------------------+
; Analysis & Synthesis ; 00:00:09     ; 1.0                     ; 375 MB              ; 00:00:17                           ;
; Fitter               ; 00:00:06     ; 1.0                     ; 803 MB              ; 00:00:01                           ;
; Assembler            ; 00:00:01     ; 1.0                     ; 351 MB              ; 00:00:00                           ;
; Timing Analyzer      ; 00:00:01     ; 1.0                     ; 370 MB              ; 00:00:00                           ;
; EDA Netlist Writer   ; 00:00:01     ; 1.0                     ; 599 MB              ; 00:00:00                           ;
; Total                ; 00:00:18     ; --                      ; --                  ; 00:00:18                           ;
+----------------------+--------------+-------------------------+---------------------+------------------------------------+


+----------------------------------------------------------------------------------------+
; Flow OS Summary                                                                        ;
+----------------------+------------------+----------------+------------+----------------+
; Module Name          ; Machine Hostname ; OS Name        ; OS Version ; Processor type ;
+----------------------+------------------+----------------+------------+----------------+
; Analysis & Synthesis ; DongXia-Linux    ; Ubuntu 18.04.5 ; 18         ; x86_64         ;
; Fitter               ; DongXia-Linux    ; Ubuntu 18.04.5 ; 18         ; x86_64         ;
; Assembler            ; DongXia-Linux    ; Ubuntu 18.04.5 ; 18         ; x86_64         ;
; Timing Analyzer      ; DongXia-Linux    ; Ubuntu 18.04.5 ; 18         ; x86_64         ;
; EDA Netlist Writer   ; DongXia-Linux    ; Ubuntu 18.04.5 ; 18         ; x86_64         ;
+----------------------+------------------+----------------+------------+----------------+


------------
; Flow Log ;
------------
quartus_map --read_settings_files=on --write_settings_files=off cpld_beamforming -c cpld_beamforming_top
quartus_fit --read_settings_files=off --write_settings_files=off cpld_beamforming -c cpld_beamforming_top
quartus_asm --read_settings_files=off --write_settings_files=off cpld_beamforming -c cpld_beamforming_top
quartus_sta cpld_beamforming -c cpld_beamforming_top
quartus_eda --read_settings_files=off --write_settings_files=off cpld_beamforming -c cpld_beamforming_top



